<?xml version="1.0" encoding="UTF-8"?>
<robot generator="Robot 3.2.2 (Python 3.9.0 on win32)" generated="20201012 17:53:42.763" rpa="false">
<suite id="s1" name="UMS-Regis" source="C:\Users\Namchok\Desktop\สหกิจ\ums\Automate Test\UMS-Regis\UMS-Regis.robot">
<test id="s1-t1" name="UMS-Regis-01">
<kw name="GIVEN Open web browser">
<kw name="Open Browser" library="Selenium2Library">
<doc>Opens a new browser instance to the optional ``url``.</doc>
<arguments>
<arg>${ums_regis_url}</arg>
<arg>chrome</arg>
</arguments>
<msg timestamp="20201012 17:53:43.094" level="INFO">Opening browser 'chrome' to base url 'https://localhost:44346/Identity/Account/Register'.</msg>
<status status="PASS" starttime="20201012 17:53:43.093" endtime="20201012 17:53:47.931"></status>
</kw>
<kw name="Maximize Browser Window" library="Selenium2Library">
<doc>Maximizes current browser window.</doc>
<status status="PASS" starttime="20201012 17:53:47.931" endtime="20201012 17:53:50.064"></status>
</kw>
<status status="PASS" starttime="20201012 17:53:43.092" endtime="20201012 17:53:50.065"></status>
</kw>
<kw name="AND Fill firstname &quot;Namchok&quot;">
<kw name="Input Text" library="Selenium2Library">
<doc>Types the given ``text`` into the text field identified by ``locator``.</doc>
<arguments>
<arg>${regis_input_firstname}</arg>
<arg>${firstname}</arg>
</arguments>
<msg timestamp="20201012 17:53:50.070" level="INFO">Typing text 'Namchok' into text field 'xpath=//*[@id="acc_Firstname"]'.</msg>
<status status="PASS" starttime="20201012 17:53:50.068" endtime="20201012 17:53:50.266"></status>
</kw>
<status status="PASS" starttime="20201012 17:53:50.066" endtime="20201012 17:53:50.267"></status>
</kw>
<kw name="AND Fill lastname &quot;Singhachai&quot;">
<kw name="Input Text" library="Selenium2Library">
<doc>Types the given ``text`` into the text field identified by ``locator``.</doc>
<arguments>
<arg>${regis_input_lastname}</arg>
<arg>${lastname}</arg>
</arguments>
<msg timestamp="20201012 17:53:50.271" level="INFO">Typing text 'Singhachai' into text field 'xpath=//*[@id="acc_Lastname"]'.</msg>
<status status="PASS" starttime="20201012 17:53:50.271" endtime="20201012 17:53:50.439"></status>
</kw>
<status status="PASS" starttime="20201012 17:53:50.270" endtime="20201012 17:53:50.439"></status>
</kw>
<kw name="AND Fill email &quot;Test998@gmail.com&quot;">
<kw name="Input Text" library="Selenium2Library">
<doc>Types the given ``text`` into the text field identified by ``locator``.</doc>
<arguments>
<arg>${regis_input_email}</arg>
<arg>${email}</arg>
</arguments>
<msg timestamp="20201012 17:53:50.441" level="INFO">Typing text 'Test998@gmail.com' into text field 'xpath=//*[@id="acc_Email"]'.</msg>
<status status="PASS" starttime="20201012 17:53:50.441" endtime="20201012 17:53:50.638"></status>
</kw>
<status status="PASS" starttime="20201012 17:53:50.440" endtime="20201012 17:53:50.638"></status>
</kw>
<kw name="AND Fill password &quot;123qweQ!&quot;">
<kw name="Input Password" library="Selenium2Library">
<doc>Types the given password into the text field identified by ``locator``.</doc>
<arguments>
<arg>${regis_input_password}</arg>
<arg>${password}</arg>
</arguments>
<msg timestamp="20201012 17:53:50.640" level="INFO">Typing password into text field 'xpath=//*[@id="acc_Password"]'.</msg>
<msg timestamp="20201012 17:53:50.708" level="INFO">Temporally setting log level to: NONE</msg>
<msg timestamp="20201012 17:53:50.885" level="INFO">Log level changed from NONE to INFO.</msg>
<status status="PASS" starttime="20201012 17:53:50.640" endtime="20201012 17:53:50.885"></status>
</kw>
<status status="PASS" starttime="20201012 17:53:50.639" endtime="20201012 17:53:50.886"></status>
</kw>
<kw name="AND Fill confirmpass &quot;123qweQ!&quot;">
<kw name="Input Password" library="Selenium2Library">
<doc>Types the given password into the text field identified by ``locator``.</doc>
<arguments>
<arg>${regis_input_confirmpass}</arg>
<arg>${confirmpass}</arg>
</arguments>
<msg timestamp="20201012 17:53:50.911" level="INFO">Typing password into text field 'xpath=//*[@id="acc_ConfirmPassword"]'.</msg>
<msg timestamp="20201012 17:53:51.092" level="INFO">Temporally setting log level to: NONE</msg>
<msg timestamp="20201012 17:53:51.220" level="INFO">Log level changed from NONE to INFO.</msg>
<status status="PASS" starttime="20201012 17:53:50.910" endtime="20201012 17:53:51.221"></status>
</kw>
<status status="PASS" starttime="20201012 17:53:50.909" endtime="20201012 17:53:51.222"></status>
</kw>
<kw name="Close Browser" library="Selenium2Library" type="teardown">
<doc>Closes the current browser.</doc>
<status status="PASS" starttime="20201012 17:53:51.223" endtime="20201012 17:53:53.836"></status>
</kw>
<doc>กรอกชื่อจริง นามสกุล อีเมล รหัสผ่าน และยืนยันรหัสผ่านถูกต้อง</doc>
<tags>
<tag>PASS</tag>
</tags>
<status status="PASS" starttime="20201012 17:53:43.089" endtime="20201012 17:53:53.837" critical="yes"></status>
</test>
<test id="s1-t2" name="UMS-Regis-02">
<kw name="GIVEN Open web browser">
<kw name="Open Browser" library="Selenium2Library">
<doc>Opens a new browser instance to the optional ``url``.</doc>
<arguments>
<arg>${ums_regis_url}</arg>
<arg>chrome</arg>
</arguments>
<msg timestamp="20201012 17:53:53.866" level="INFO">Opening browser 'chrome' to base url 'https://localhost:44346/Identity/Account/Register'.</msg>
<status status="PASS" starttime="20201012 17:53:53.866" endtime="20201012 17:53:58.756"></status>
</kw>
<kw name="Maximize Browser Window" library="Selenium2Library">
<doc>Maximizes current browser window.</doc>
<status status="PASS" starttime="20201012 17:53:58.758" endtime="20201012 17:54:00.903"></status>
</kw>
<status status="PASS" starttime="20201012 17:53:53.865" endtime="20201012 17:54:00.903"></status>
</kw>
<kw name="AND Fill firstname &quot;!Namchok&quot;">
<kw name="Input Text" library="Selenium2Library">
<doc>Types the given ``text`` into the text field identified by ``locator``.</doc>
<arguments>
<arg>${regis_input_firstname}</arg>
<arg>${firstname}</arg>
</arguments>
<msg timestamp="20201012 17:54:00.905" level="INFO">Typing text '!Namchok' into text field 'xpath=//*[@id="acc_Firstname"]'.</msg>
<status status="PASS" starttime="20201012 17:54:00.904" endtime="20201012 17:54:01.081"></status>
</kw>
<status status="PASS" starttime="20201012 17:54:00.904" endtime="20201012 17:54:01.082"></status>
</kw>
<kw name="AND Fill lastname &quot;!Singhachai&quot;">
<kw name="Input Text" library="Selenium2Library">
<doc>Types the given ``text`` into the text field identified by ``locator``.</doc>
<arguments>
<arg>${regis_input_lastname}</arg>
<arg>${lastname}</arg>
</arguments>
<msg timestamp="20201012 17:54:01.086" level="INFO">Typing text '!Singhachai' into text field 'xpath=//*[@id="acc_Lastname"]'.</msg>
<status status="PASS" starttime="20201012 17:54:01.085" endtime="20201012 17:54:01.468"></status>
</kw>
<status status="PASS" starttime="20201012 17:54:01.084" endtime="20201012 17:54:01.469"></status>
</kw>
<kw name="AND Fill email &quot;Test999@gmail&quot;">
<kw name="Input Text" library="Selenium2Library">
<doc>Types the given ``text`` into the text field identified by ``locator``.</doc>
<arguments>
<arg>${regis_input_email}</arg>
<arg>${email}</arg>
</arguments>
<msg timestamp="20201012 17:54:01.475" level="INFO">Typing text 'Test999@gmail' into text field 'xpath=//*[@id="acc_Email"]'.</msg>
<status status="PASS" starttime="20201012 17:54:01.472" endtime="20201012 17:54:01.705"></status>
</kw>
<status status="PASS" starttime="20201012 17:54:01.470" endtime="20201012 17:54:01.707"></status>
</kw>
<kw name="AND Fill password &quot;123qweQ&quot;">
<kw name="Input Password" library="Selenium2Library">
<doc>Types the given password into the text field identified by ``locator``.</doc>
<arguments>
<arg>${regis_input_password}</arg>
<arg>${password}</arg>
</arguments>
<msg timestamp="20201012 17:54:01.713" level="INFO">Typing password into text field 'xpath=//*[@id="acc_Password"]'.</msg>
<msg timestamp="20201012 17:54:01.800" level="INFO">Temporally setting log level to: NONE</msg>
<msg timestamp="20201012 17:54:02.004" level="INFO">Log level changed from NONE to INFO.</msg>
<status status="PASS" starttime="20201012 17:54:01.713" endtime="20201012 17:54:02.004"></status>
</kw>
<status status="PASS" starttime="20201012 17:54:01.712" endtime="20201012 17:54:02.004"></status>
</kw>
<kw name="AND Fill confirmpass &quot;123qweQ&quot;">
<kw name="Input Password" library="Selenium2Library">
<doc>Types the given password into the text field identified by ``locator``.</doc>
<arguments>
<arg>${regis_input_confirmpass}</arg>
<arg>${confirmpass}</arg>
</arguments>
<msg timestamp="20201012 17:54:02.007" level="INFO">Typing password into text field 'xpath=//*[@id="acc_ConfirmPassword"]'.</msg>
<msg timestamp="20201012 17:54:02.178" level="INFO">Temporally setting log level to: NONE</msg>
<msg timestamp="20201012 17:54:02.300" level="INFO">Log level changed from NONE to INFO.</msg>
<status status="PASS" starttime="20201012 17:54:02.006" endtime="20201012 17:54:02.301"></status>
</kw>
<status status="PASS" starttime="20201012 17:54:02.006" endtime="20201012 17:54:02.301"></status>
</kw>
<kw name="AND Register">
<kw name="Sleep" library="BuiltIn">
<doc>Pauses the test executed for the given time.</doc>
<arguments>
<arg>3s</arg>
</arguments>
<msg timestamp="20201012 17:54:05.306" level="INFO">Slept 3 seconds</msg>
<status status="PASS" starttime="20201012 17:54:02.302" endtime="20201012 17:54:05.306"></status>
</kw>
<kw name="Click Element" library="Selenium2Library">
<doc>Click the element identified by ``locator``.</doc>
<arguments>
<arg>${regis_btn_register}</arg>
</arguments>
<msg timestamp="20201012 17:54:05.306" level="INFO">Clicking element 'xpath=//*[@id="formRegister"]/button'.</msg>
<status status="PASS" starttime="20201012 17:54:05.306" endtime="20201012 17:54:05.387"></status>
</kw>
<kw name="Sleep" library="BuiltIn">
<doc>Pauses the test executed for the given time.</doc>
<arguments>
<arg>3s</arg>
</arguments>
<msg timestamp="20201012 17:54:08.389" level="INFO">Slept 3 seconds</msg>
<status status="PASS" starttime="20201012 17:54:05.387" endtime="20201012 17:54:08.389"></status>
</kw>
<status status="PASS" starttime="20201012 17:54:02.302" endtime="20201012 17:54:08.389"></status>
</kw>
<kw name="THEN The alert message must say &quot;The first name can not be blank and must only character.&quot;">
<kw name="Sleep" library="BuiltIn">
<doc>Pauses the test executed for the given time.</doc>
<arguments>
<arg>1s</arg>
</arguments>
<msg timestamp="20201012 17:54:09.392" level="INFO">Slept 1 second</msg>
<status status="PASS" starttime="20201012 17:54:08.390" endtime="20201012 17:54:09.392"></status>
</kw>
<kw name="Wait Until Page Contains" library="Selenium2Library">
<doc>Waits until ``text`` appears on the current page.</doc>
<arguments>
<arg>${message}</arg>
</arguments>
<status status="PASS" starttime="20201012 17:54:09.392" endtime="20201012 17:54:09.407"></status>
</kw>
<status status="PASS" starttime="20201012 17:54:08.390" endtime="20201012 17:54:09.407"></status>
</kw>
<kw name="Close Browser" library="Selenium2Library" type="teardown">
<doc>Closes the current browser.</doc>
<status status="PASS" starttime="20201012 17:54:09.408" endtime="20201012 17:54:11.797"></status>
</kw>
<doc>กรอกชื่อจริง นามสกุล อีเมล รหัสผ่าน และยืนยันรหัสผ่านไม่ถูกต้อง</doc>
<tags>
<tag>FAILS</tag>
</tags>
<status status="PASS" starttime="20201012 17:53:53.843" endtime="20201012 17:54:11.798" critical="yes"></status>
</test>
<test id="s1-t3" name="UMS-Regis-03">
<kw name="GIVEN Open web browser">
<kw name="Open Browser" library="Selenium2Library">
<doc>Opens a new browser instance to the optional ``url``.</doc>
<arguments>
<arg>${ums_regis_url}</arg>
<arg>chrome</arg>
</arguments>
<msg timestamp="20201012 17:54:11.807" level="INFO">Opening browser 'chrome' to base url 'https://localhost:44346/Identity/Account/Register'.</msg>
<status status="PASS" starttime="20201012 17:54:11.807" endtime="20201012 17:54:15.979"></status>
</kw>
<kw name="Maximize Browser Window" library="Selenium2Library">
<doc>Maximizes current browser window.</doc>
<status status="PASS" starttime="20201012 17:54:15.979" endtime="20201012 17:54:18.117"></status>
</kw>
<status status="PASS" starttime="20201012 17:54:11.806" endtime="20201012 17:54:18.117"></status>
</kw>
<kw name="AND Fill firstname &quot;!Namchok&quot;">
<kw name="Input Text" library="Selenium2Library">
<doc>Types the given ``text`` into the text field identified by ``locator``.</doc>
<arguments>
<arg>${regis_input_firstname}</arg>
<arg>${firstname}</arg>
</arguments>
<msg timestamp="20201012 17:54:18.123" level="INFO">Typing text '!Namchok' into text field 'xpath=//*[@id="acc_Firstname"]'.</msg>
<status status="PASS" starttime="20201012 17:54:18.122" endtime="20201012 17:54:18.299"></status>
</kw>
<status status="PASS" starttime="20201012 17:54:18.120" endtime="20201012 17:54:18.299"></status>
</kw>
<kw name="AND Fill lastname &quot;Singhachai&quot;">
<kw name="Input Text" library="Selenium2Library">
<doc>Types the given ``text`` into the text field identified by ``locator``.</doc>
<arguments>
<arg>${regis_input_lastname}</arg>
<arg>${lastname}</arg>
</arguments>
<msg timestamp="20201012 17:54:18.300" level="INFO">Typing text 'Singhachai' into text field 'xpath=//*[@id="acc_Lastname"]'.</msg>
<status status="PASS" starttime="20201012 17:54:18.300" endtime="20201012 17:54:18.444"></status>
</kw>
<status status="PASS" starttime="20201012 17:54:18.300" endtime="20201012 17:54:18.444"></status>
</kw>
<kw name="AND Fill email &quot;Test999@gmail.com&quot;">
<kw name="Input Text" library="Selenium2Library">
<doc>Types the given ``text`` into the text field identified by ``locator``.</doc>
<arguments>
<arg>${regis_input_email}</arg>
<arg>${email}</arg>
</arguments>
<msg timestamp="20201012 17:54:18.446" level="INFO">Typing text 'Test999@gmail.com' into text field 'xpath=//*[@id="acc_Email"]'.</msg>
<status status="PASS" starttime="20201012 17:54:18.445" endtime="20201012 17:54:18.613"></status>
</kw>
<status status="PASS" starttime="20201012 17:54:18.445" endtime="20201012 17:54:18.613"></status>
</kw>
<kw name="AND Fill password &quot;123qweQ!&quot;">
<kw name="Input Password" library="Selenium2Library">
<doc>Types the given password into the text field identified by ``locator``.</doc>
<arguments>
<arg>${regis_input_password}</arg>
<arg>${password}</arg>
</arguments>
<msg timestamp="20201012 17:54:18.615" level="INFO">Typing password into text field 'xpath=//*[@id="acc_Password"]'.</msg>
<msg timestamp="20201012 17:54:18.681" level="INFO">Temporally setting log level to: NONE</msg>
<msg timestamp="20201012 17:54:18.832" level="INFO">Log level changed from NONE to INFO.</msg>
<status status="PASS" starttime="20201012 17:54:18.615" endtime="20201012 17:54:18.832"></status>
</kw>
<status status="PASS" starttime="20201012 17:54:18.614" endtime="20201012 17:54:18.833"></status>
</kw>
<kw name="AND Fill confirmpass &quot;123qweQ!&quot;">
<kw name="Input Password" library="Selenium2Library">
<doc>Types the given password into the text field identified by ``locator``.</doc>
<arguments>
<arg>${regis_input_confirmpass}</arg>
<arg>${confirmpass}</arg>
</arguments>
<msg timestamp="20201012 17:54:18.836" level="INFO">Typing password into text field 'xpath=//*[@id="acc_ConfirmPassword"]'.</msg>
<msg timestamp="20201012 17:54:18.996" level="INFO">Temporally setting log level to: NONE</msg>
<msg timestamp="20201012 17:54:19.134" level="INFO">Log level changed from NONE to INFO.</msg>
<status status="PASS" starttime="20201012 17:54:18.835" endtime="20201012 17:54:19.134"></status>
</kw>
<status status="PASS" starttime="20201012 17:54:18.834" endtime="20201012 17:54:19.135"></status>
</kw>
<kw name="AND Register">
<kw name="Sleep" library="BuiltIn">
<doc>Pauses the test executed for the given time.</doc>
<arguments>
<arg>3s</arg>
</arguments>
<msg timestamp="20201012 17:54:22.143" level="INFO">Slept 3 seconds</msg>
<status status="PASS" starttime="20201012 17:54:19.141" endtime="20201012 17:54:22.143"></status>
</kw>
<kw name="Click Element" library="Selenium2Library">
<doc>Click the element identified by ``locator``.</doc>
<arguments>
<arg>${regis_btn_register}</arg>
</arguments>
<msg timestamp="20201012 17:54:22.144" level="INFO">Clicking element 'xpath=//*[@id="formRegister"]/button'.</msg>
<status status="PASS" starttime="20201012 17:54:22.143" endtime="20201012 17:54:22.216"></status>
</kw>
<kw name="Sleep" library="BuiltIn">
<doc>Pauses the test executed for the given time.</doc>
<arguments>
<arg>3s</arg>
</arguments>
<msg timestamp="20201012 17:54:25.218" level="INFO">Slept 3 seconds</msg>
<status status="PASS" starttime="20201012 17:54:22.217" endtime="20201012 17:54:25.218"></status>
</kw>
<status status="PASS" starttime="20201012 17:54:19.139" endtime="20201012 17:54:25.218"></status>
</kw>
<kw name="THEN The alert message must say &quot;The first name can not be blank and must only character.&quot;">
<kw name="Sleep" library="BuiltIn">
<doc>Pauses the test executed for the given time.</doc>
<arguments>
<arg>1s</arg>
</arguments>
<msg timestamp="20201012 17:54:26.220" level="INFO">Slept 1 second</msg>
<status status="PASS" starttime="20201012 17:54:25.219" endtime="20201012 17:54:26.220"></status>
</kw>
<kw name="Wait Until Page Contains" library="Selenium2Library">
<doc>Waits until ``text`` appears on the current page.</doc>
<arguments>
<arg>${message}</arg>
</arguments>
<status status="PASS" starttime="20201012 17:54:26.220" endtime="20201012 17:54:26.236"></status>
</kw>
<status status="PASS" starttime="20201012 17:54:25.219" endtime="20201012 17:54:26.236"></status>
</kw>
<kw name="Close Browser" library="Selenium2Library" type="teardown">
<doc>Closes the current browser.</doc>
<status status="PASS" starttime="20201012 17:54:26.237" endtime="20201012 17:54:28.741"></status>
</kw>
<doc>กรอกชื่อจริงไม่ถูกต้อง</doc>
<tags>
<tag>FAILS</tag>
</tags>
<status status="PASS" starttime="20201012 17:54:11.804" endtime="20201012 17:54:28.742" critical="yes"></status>
</test>
<test id="s1-t4" name="UMS-Regis-04">
<kw name="GIVEN Open web browser">
<kw name="Open Browser" library="Selenium2Library">
<doc>Opens a new browser instance to the optional ``url``.</doc>
<arguments>
<arg>${ums_regis_url}</arg>
<arg>chrome</arg>
</arguments>
<msg timestamp="20201012 17:54:28.747" level="INFO">Opening browser 'chrome' to base url 'https://localhost:44346/Identity/Account/Register'.</msg>
<status status="PASS" starttime="20201012 17:54:28.747" endtime="20201012 17:54:33.290"></status>
</kw>
<kw name="Maximize Browser Window" library="Selenium2Library">
<doc>Maximizes current browser window.</doc>
<status status="PASS" starttime="20201012 17:54:33.291" endtime="20201012 17:54:35.428"></status>
</kw>
<status status="PASS" starttime="20201012 17:54:28.746" endtime="20201012 17:54:35.429"></status>
</kw>
<kw name="AND Fill firstname &quot;Namchok&quot;">
<kw name="Input Text" library="Selenium2Library">
<doc>Types the given ``text`` into the text field identified by ``locator``.</doc>
<arguments>
<arg>${regis_input_firstname}</arg>
<arg>${firstname}</arg>
</arguments>
<msg timestamp="20201012 17:54:35.431" level="INFO">Typing text 'Namchok' into text field 'xpath=//*[@id="acc_Firstname"]'.</msg>
<status status="PASS" starttime="20201012 17:54:35.430" endtime="20201012 17:54:35.643"></status>
</kw>
<status status="PASS" starttime="20201012 17:54:35.430" endtime="20201012 17:54:35.643"></status>
</kw>
<kw name="AND Fill lastname &quot;!Singhachai&quot;">
<kw name="Input Text" library="Selenium2Library">
<doc>Types the given ``text`` into the text field identified by ``locator``.</doc>
<arguments>
<arg>${regis_input_lastname}</arg>
<arg>${lastname}</arg>
</arguments>
<msg timestamp="20201012 17:54:35.645" level="INFO">Typing text '!Singhachai' into text field 'xpath=//*[@id="acc_Lastname"]'.</msg>
<status status="PASS" starttime="20201012 17:54:35.645" endtime="20201012 17:54:35.825"></status>
</kw>
<status status="PASS" starttime="20201012 17:54:35.644" endtime="20201012 17:54:35.825"></status>
</kw>
<kw name="AND Fill email &quot;Test999@gmail.com&quot;">
<kw name="Input Text" library="Selenium2Library">
<doc>Types the given ``text`` into the text field identified by ``locator``.</doc>
<arguments>
<arg>${regis_input_email}</arg>
<arg>${email}</arg>
</arguments>
<msg timestamp="20201012 17:54:35.828" level="INFO">Typing text 'Test999@gmail.com' into text field 'xpath=//*[@id="acc_Email"]'.</msg>
<status status="PASS" starttime="20201012 17:54:35.828" endtime="20201012 17:54:36.009"></status>
</kw>
<status status="PASS" starttime="20201012 17:54:35.827" endtime="20201012 17:54:36.009"></status>
</kw>
<kw name="AND Fill password &quot;123qweQ!&quot;">
<kw name="Input Password" library="Selenium2Library">
<doc>Types the given password into the text field identified by ``locator``.</doc>
<arguments>
<arg>${regis_input_password}</arg>
<arg>${password}</arg>
</arguments>
<msg timestamp="20201012 17:54:36.011" level="INFO">Typing password into text field 'xpath=//*[@id="acc_Password"]'.</msg>
<msg timestamp="20201012 17:54:36.085" level="INFO">Temporally setting log level to: NONE</msg>
<msg timestamp="20201012 17:54:36.210" level="INFO">Log level changed from NONE to INFO.</msg>
<status status="PASS" starttime="20201012 17:54:36.011" endtime="20201012 17:54:36.210"></status>
</kw>
<status status="PASS" starttime="20201012 17:54:36.010" endtime="20201012 17:54:36.211"></status>
</kw>
<kw name="AND Fill confirmpass &quot;123qweQ!&quot;">
<kw name="Input Password" library="Selenium2Library">
<doc>Types the given password into the text field identified by ``locator``.</doc>
<arguments>
<arg>${regis_input_confirmpass}</arg>
<arg>${confirmpass}</arg>
</arguments>
<msg timestamp="20201012 17:54:36.214" level="INFO">Typing password into text field 'xpath=//*[@id="acc_ConfirmPassword"]'.</msg>
<msg timestamp="20201012 17:54:36.373" level="INFO">Temporally setting log level to: NONE</msg>
<msg timestamp="20201012 17:54:36.506" level="INFO">Log level changed from NONE to INFO.</msg>
<status status="PASS" starttime="20201012 17:54:36.213" endtime="20201012 17:54:36.506"></status>
</kw>
<status status="PASS" starttime="20201012 17:54:36.213" endtime="20201012 17:54:36.507"></status>
</kw>
<kw name="AND Register">
<kw name="Sleep" library="BuiltIn">
<doc>Pauses the test executed for the given time.</doc>
<arguments>
<arg>3s</arg>
</arguments>
<msg timestamp="20201012 17:54:39.512" level="INFO">Slept 3 seconds</msg>
<status status="PASS" starttime="20201012 17:54:36.510" endtime="20201012 17:54:39.512"></status>
</kw>
<kw name="Click Element" library="Selenium2Library">
<doc>Click the element identified by ``locator``.</doc>
<arguments>
<arg>${regis_btn_register}</arg>
</arguments>
<msg timestamp="20201012 17:54:39.512" level="INFO">Clicking element 'xpath=//*[@id="formRegister"]/button'.</msg>
<status status="PASS" starttime="20201012 17:54:39.512" endtime="20201012 17:54:39.606"></status>
</kw>
<kw name="Sleep" library="BuiltIn">
<doc>Pauses the test executed for the given time.</doc>
<arguments>
<arg>3s</arg>
</arguments>
<msg timestamp="20201012 17:54:42.609" level="INFO">Slept 3 seconds</msg>
<status status="PASS" starttime="20201012 17:54:39.607" endtime="20201012 17:54:42.609"></status>
</kw>
<status status="PASS" starttime="20201012 17:54:36.509" endtime="20201012 17:54:42.609"></status>
</kw>
<kw name="THEN The alert message must say &quot;The last name can not be blank and must only character.&quot;">
<kw name="Sleep" library="BuiltIn">
<doc>Pauses the test executed for the given time.</doc>
<arguments>
<arg>1s</arg>
</arguments>
<msg timestamp="20201012 17:54:43.610" level="INFO">Slept 1 second</msg>
<status status="PASS" starttime="20201012 17:54:42.610" endtime="20201012 17:54:43.610"></status>
</kw>
<kw name="Wait Until Page Contains" library="Selenium2Library">
<doc>Waits until ``text`` appears on the current page.</doc>
<arguments>
<arg>${message}</arg>
</arguments>
<status status="PASS" starttime="20201012 17:54:43.610" endtime="20201012 17:54:43.625"></status>
</kw>
<status status="PASS" starttime="20201012 17:54:42.610" endtime="20201012 17:54:43.625"></status>
</kw>
<kw name="Close Browser" library="Selenium2Library" type="teardown">
<doc>Closes the current browser.</doc>
<status status="PASS" starttime="20201012 17:54:43.626" endtime="20201012 17:54:45.924"></status>
</kw>
<doc>กรอกนามสกุลไม่ถูกต้อง</doc>
<tags>
<tag>FAILS</tag>
</tags>
<status status="PASS" starttime="20201012 17:54:28.744" endtime="20201012 17:54:45.925" critical="yes"></status>
</test>
<test id="s1-t5" name="UMS-Regis-05">
<kw name="GIVEN Open web browser">
<kw name="Open Browser" library="Selenium2Library">
<doc>Opens a new browser instance to the optional ``url``.</doc>
<arguments>
<arg>${ums_regis_url}</arg>
<arg>chrome</arg>
</arguments>
<msg timestamp="20201012 17:54:45.933" level="INFO">Opening browser 'chrome' to base url 'https://localhost:44346/Identity/Account/Register'.</msg>
<status status="PASS" starttime="20201012 17:54:45.933" endtime="20201012 17:54:50.555"></status>
</kw>
<kw name="Maximize Browser Window" library="Selenium2Library">
<doc>Maximizes current browser window.</doc>
<status status="PASS" starttime="20201012 17:54:50.555" endtime="20201012 17:54:52.685"></status>
</kw>
<status status="PASS" starttime="20201012 17:54:45.932" endtime="20201012 17:54:52.685"></status>
</kw>
<kw name="AND Fill firstname &quot;Namchok&quot;">
<kw name="Input Text" library="Selenium2Library">
<doc>Types the given ``text`` into the text field identified by ``locator``.</doc>
<arguments>
<arg>${regis_input_firstname}</arg>
<arg>${firstname}</arg>
</arguments>
<msg timestamp="20201012 17:54:52.688" level="INFO">Typing text 'Namchok' into text field 'xpath=//*[@id="acc_Firstname"]'.</msg>
<status status="PASS" starttime="20201012 17:54:52.688" endtime="20201012 17:54:52.917"></status>
</kw>
<status status="PASS" starttime="20201012 17:54:52.687" endtime="20201012 17:54:52.917"></status>
</kw>
<kw name="AND Fill lastname &quot;Singhachai&quot;">
<kw name="Input Text" library="Selenium2Library">
<doc>Types the given ``text`` into the text field identified by ``locator``.</doc>
<arguments>
<arg>${regis_input_lastname}</arg>
<arg>${lastname}</arg>
</arguments>
<msg timestamp="20201012 17:54:52.919" level="INFO">Typing text 'Singhachai' into text field 'xpath=//*[@id="acc_Lastname"]'.</msg>
<status status="PASS" starttime="20201012 17:54:52.918" endtime="20201012 17:54:53.067"></status>
</kw>
<status status="PASS" starttime="20201012 17:54:52.918" endtime="20201012 17:54:53.067"></status>
</kw>
<kw name="AND Fill email &quot;Test999@gmail&quot;">
<kw name="Input Text" library="Selenium2Library">
<doc>Types the given ``text`` into the text field identified by ``locator``.</doc>
<arguments>
<arg>${regis_input_email}</arg>
<arg>${email}</arg>
</arguments>
<msg timestamp="20201012 17:54:53.069" level="INFO">Typing text 'Test999@gmail' into text field 'xpath=//*[@id="acc_Email"]'.</msg>
<status status="PASS" starttime="20201012 17:54:53.068" endtime="20201012 17:54:53.209"></status>
</kw>
<status status="PASS" starttime="20201012 17:54:53.068" endtime="20201012 17:54:53.209"></status>
</kw>
<kw name="AND Fill password &quot;123qweQ!&quot;">
<kw name="Input Password" library="Selenium2Library">
<doc>Types the given password into the text field identified by ``locator``.</doc>
<arguments>
<arg>${regis_input_password}</arg>
<arg>${password}</arg>
</arguments>
<msg timestamp="20201012 17:54:53.212" level="INFO">Typing password into text field 'xpath=//*[@id="acc_Password"]'.</msg>
<msg timestamp="20201012 17:54:53.284" level="INFO">Temporally setting log level to: NONE</msg>
<msg timestamp="20201012 17:54:53.373" level="INFO">Log level changed from NONE to INFO.</msg>
<status status="PASS" starttime="20201012 17:54:53.211" endtime="20201012 17:54:53.373"></status>
</kw>
<status status="PASS" starttime="20201012 17:54:53.211" endtime="20201012 17:54:53.374"></status>
</kw>
<kw name="AND Fill confirmpass &quot;123qweQ!&quot;">
<kw name="Input Password" library="Selenium2Library">
<doc>Types the given password into the text field identified by ``locator``.</doc>
<arguments>
<arg>${regis_input_confirmpass}</arg>
<arg>${confirmpass}</arg>
</arguments>
<msg timestamp="20201012 17:54:53.381" level="INFO">Typing password into text field 'xpath=//*[@id="acc_ConfirmPassword"]'.</msg>
<msg timestamp="20201012 17:54:53.487" level="INFO">Temporally setting log level to: NONE</msg>
<msg timestamp="20201012 17:54:53.578" level="INFO">Log level changed from NONE to INFO.</msg>
<status status="PASS" starttime="20201012 17:54:53.380" endtime="20201012 17:54:53.579"></status>
</kw>
<status status="PASS" starttime="20201012 17:54:53.379" endtime="20201012 17:54:53.579"></status>
</kw>
<kw name="AND Register">
<kw name="Sleep" library="BuiltIn">
<doc>Pauses the test executed for the given time.</doc>
<arguments>
<arg>3s</arg>
</arguments>
<msg timestamp="20201012 17:54:56.581" level="INFO">Slept 3 seconds</msg>
<status status="PASS" starttime="20201012 17:54:53.580" endtime="20201012 17:54:56.581"></status>
</kw>
<kw name="Click Element" library="Selenium2Library">
<doc>Click the element identified by ``locator``.</doc>
<arguments>
<arg>${regis_btn_register}</arg>
</arguments>
<msg timestamp="20201012 17:54:56.581" level="INFO">Clicking element 'xpath=//*[@id="formRegister"]/button'.</msg>
<kw name="Capture Page Screenshot" library="Selenium2Library">
<doc>Takes a screenshot of the current page and embeds it into a log file.</doc>
<msg timestamp="20201012 17:55:01.069" level="INFO" html="yes">&lt;/td&gt;&lt;/tr&gt;&lt;tr&gt;&lt;td colspan="3"&gt;&lt;a href="selenium-screenshot-2.png"&gt;&lt;img src="selenium-screenshot-2.png" width="800px"&gt;&lt;/a&gt;</msg>
<status status="PASS" starttime="20201012 17:54:57.671" endtime="20201012 17:55:01.069"></status>
</kw>
<msg timestamp="20201012 17:55:01.076" level="FAIL">ElementClickInterceptedException: Message: element click intercepted: Element &lt;button onclick="register()" type="button" class="btn btn-primary float-right"&gt;...&lt;/button&gt; is not clickable at point (627, 559). Other element would receive the click: &lt;div class="cv-spinner"&gt;...&lt;/div&gt;
  (Session info: chrome=86.0.4240.75)
</msg>
<status status="FAIL" starttime="20201012 17:54:56.581" endtime="20201012 17:55:01.076"></status>
</kw>
<status status="FAIL" starttime="20201012 17:54:53.580" endtime="20201012 17:55:01.076"></status>
</kw>
<kw name="Close Browser" library="Selenium2Library" type="teardown">
<doc>Closes the current browser.</doc>
<status status="PASS" starttime="20201012 17:55:01.078" endtime="20201012 17:55:03.516"></status>
</kw>
<doc>กรอกอีเมลไม่ถูกต้อง</doc>
<tags>
<tag>FAILS</tag>
</tags>
<status status="FAIL" starttime="20201012 17:54:45.931" endtime="20201012 17:55:03.517" critical="yes">ElementClickInterceptedException: Message: element click intercepted: Element &lt;button onclick="register()" type="button" class="btn btn-primary float-right"&gt;...&lt;/button&gt; is not clickable at point (627, 559). Other element would receive the click: &lt;div class="cv-spinner"&gt;...&lt;/div&gt;
  (Session info: chrome=86.0.4240.75)
</status>
</test>
<test id="s1-t6" name="UMS-Regis-06">
<kw name="GIVEN Open web browser">
<kw name="Open Browser" library="Selenium2Library">
<doc>Opens a new browser instance to the optional ``url``.</doc>
<arguments>
<arg>${ums_regis_url}</arg>
<arg>chrome</arg>
</arguments>
<msg timestamp="20201012 17:55:03.527" level="INFO">Opening browser 'chrome' to base url 'https://localhost:44346/Identity/Account/Register'.</msg>
<status status="PASS" starttime="20201012 17:55:03.527" endtime="20201012 17:55:08.309"></status>
</kw>
<kw name="Maximize Browser Window" library="Selenium2Library">
<doc>Maximizes current browser window.</doc>
<status status="PASS" starttime="20201012 17:55:08.309" endtime="20201012 17:55:10.469"></status>
</kw>
<status status="PASS" starttime="20201012 17:55:03.526" endtime="20201012 17:55:10.469"></status>
</kw>
<kw name="AND Fill firstname &quot;Namchok&quot;">
<kw name="Input Text" library="Selenium2Library">
<doc>Types the given ``text`` into the text field identified by ``locator``.</doc>
<arguments>
<arg>${regis_input_firstname}</arg>
<arg>${firstname}</arg>
</arguments>
<msg timestamp="20201012 17:55:10.473" level="INFO">Typing text 'Namchok' into text field 'xpath=//*[@id="acc_Firstname"]'.</msg>
<status status="PASS" starttime="20201012 17:55:10.472" endtime="20201012 17:55:10.730"></status>
</kw>
<status status="PASS" starttime="20201012 17:55:10.471" endtime="20201012 17:55:10.730"></status>
</kw>
<kw name="AND Fill lastname &quot;Singhachai&quot;">
<kw name="Input Text" library="Selenium2Library">
<doc>Types the given ``text`` into the text field identified by ``locator``.</doc>
<arguments>
<arg>${regis_input_lastname}</arg>
<arg>${lastname}</arg>
</arguments>
<msg timestamp="20201012 17:55:10.731" level="INFO">Typing text 'Singhachai' into text field 'xpath=//*[@id="acc_Lastname"]'.</msg>
<status status="PASS" starttime="20201012 17:55:10.731" endtime="20201012 17:55:10.997"></status>
</kw>
<status status="PASS" starttime="20201012 17:55:10.730" endtime="20201012 17:55:10.997"></status>
</kw>
<kw name="AND Fill email &quot;Test999@gmail.com&quot;">
<kw name="Input Text" library="Selenium2Library">
<doc>Types the given ``text`` into the text field identified by ``locator``.</doc>
<arguments>
<arg>${regis_input_email}</arg>
<arg>${email}</arg>
</arguments>
<msg timestamp="20201012 17:55:10.998" level="INFO">Typing text 'Test999@gmail.com' into text field 'xpath=//*[@id="acc_Email"]'.</msg>
<status status="PASS" starttime="20201012 17:55:10.998" endtime="20201012 17:55:11.160"></status>
</kw>
<status status="PASS" starttime="20201012 17:55:10.997" endtime="20201012 17:55:11.161"></status>
</kw>
<kw name="AND Fill password &quot;123qweQ&quot;">
<kw name="Input Password" library="Selenium2Library">
<doc>Types the given password into the text field identified by ``locator``.</doc>
<arguments>
<arg>${regis_input_password}</arg>
<arg>${password}</arg>
</arguments>
<msg timestamp="20201012 17:55:11.162" level="INFO">Typing password into text field 'xpath=//*[@id="acc_Password"]'.</msg>
<msg timestamp="20201012 17:55:11.218" level="INFO">Temporally setting log level to: NONE</msg>
<msg timestamp="20201012 17:55:11.317" level="INFO">Log level changed from NONE to INFO.</msg>
<status status="PASS" starttime="20201012 17:55:11.162" endtime="20201012 17:55:11.317"></status>
</kw>
<status status="PASS" starttime="20201012 17:55:11.161" endtime="20201012 17:55:11.318"></status>
</kw>
<kw name="AND Fill confirmpass &quot;123qweQ!&quot;">
<kw name="Input Password" library="Selenium2Library">
<doc>Types the given password into the text field identified by ``locator``.</doc>
<arguments>
<arg>${regis_input_confirmpass}</arg>
<arg>${confirmpass}</arg>
</arguments>
<msg timestamp="20201012 17:55:11.325" level="INFO">Typing password into text field 'xpath=//*[@id="acc_ConfirmPassword"]'.</msg>
<msg timestamp="20201012 17:55:11.441" level="INFO">Temporally setting log level to: NONE</msg>
<msg timestamp="20201012 17:55:11.615" level="INFO">Log level changed from NONE to INFO.</msg>
<status status="PASS" starttime="20201012 17:55:11.325" endtime="20201012 17:55:11.615"></status>
</kw>
<status status="PASS" starttime="20201012 17:55:11.324" endtime="20201012 17:55:11.615"></status>
</kw>
<kw name="AND Register">
<kw name="Sleep" library="BuiltIn">
<doc>Pauses the test executed for the given time.</doc>
<arguments>
<arg>3s</arg>
</arguments>
<msg timestamp="20201012 17:55:14.619" level="INFO">Slept 3 seconds</msg>
<status status="PASS" starttime="20201012 17:55:11.618" endtime="20201012 17:55:14.619"></status>
</kw>
<kw name="Click Element" library="Selenium2Library">
<doc>Click the element identified by ``locator``.</doc>
<arguments>
<arg>${regis_btn_register}</arg>
</arguments>
<msg timestamp="20201012 17:55:14.619" level="INFO">Clicking element 'xpath=//*[@id="formRegister"]/button'.</msg>
<status status="PASS" starttime="20201012 17:55:14.619" endtime="20201012 17:55:14.685"></status>
</kw>
<kw name="Sleep" library="BuiltIn">
<doc>Pauses the test executed for the given time.</doc>
<arguments>
<arg>3s</arg>
</arguments>
<msg timestamp="20201012 17:55:17.687" level="INFO">Slept 3 seconds</msg>
<status status="PASS" starttime="20201012 17:55:14.685" endtime="20201012 17:55:17.687"></status>
</kw>
<status status="PASS" starttime="20201012 17:55:11.617" endtime="20201012 17:55:17.687"></status>
</kw>
<kw name="THEN The alert message must say &quot;The password must contain at least 1 uppercase, 1 lowercase, 1 digit and 1 special character.&quot;">
<kw name="Sleep" library="BuiltIn">
<doc>Pauses the test executed for the given time.</doc>
<arguments>
<arg>1s</arg>
</arguments>
<msg timestamp="20201012 17:55:18.690" level="INFO">Slept 1 second</msg>
<status status="PASS" starttime="20201012 17:55:17.688" endtime="20201012 17:55:18.690"></status>
</kw>
<kw name="Wait Until Page Contains" library="Selenium2Library">
<doc>Waits until ``text`` appears on the current page.</doc>
<arguments>
<arg>${message}</arg>
</arguments>
<status status="PASS" starttime="20201012 17:55:18.690" endtime="20201012 17:55:18.706"></status>
</kw>
<status status="PASS" starttime="20201012 17:55:17.688" endtime="20201012 17:55:18.706"></status>
</kw>
<kw name="Close Browser" library="Selenium2Library" type="teardown">
<doc>Closes the current browser.</doc>
<status status="PASS" starttime="20201012 17:55:18.707" endtime="20201012 17:55:21.019"></status>
</kw>
<doc>กรอกรหัสผ่านไม่ถูกต้อง</doc>
<tags>
<tag>FAILS</tag>
</tags>
<status status="PASS" starttime="20201012 17:55:03.525" endtime="20201012 17:55:21.020" critical="yes"></status>
</test>
<test id="s1-t7" name="UMS-Regis-07">
<kw name="GIVEN Open web browser">
<kw name="Open Browser" library="Selenium2Library">
<doc>Opens a new browser instance to the optional ``url``.</doc>
<arguments>
<arg>${ums_regis_url}</arg>
<arg>chrome</arg>
</arguments>
<msg timestamp="20201012 17:55:21.030" level="INFO">Opening browser 'chrome' to base url 'https://localhost:44346/Identity/Account/Register'.</msg>
<status status="PASS" starttime="20201012 17:55:21.029" endtime="20201012 17:55:25.486"></status>
</kw>
<kw name="Maximize Browser Window" library="Selenium2Library">
<doc>Maximizes current browser window.</doc>
<status status="PASS" starttime="20201012 17:55:25.487" endtime="20201012 17:55:27.620"></status>
</kw>
<status status="PASS" starttime="20201012 17:55:21.028" endtime="20201012 17:55:27.620"></status>
</kw>
<kw name="AND Fill firstname &quot;Namchok&quot;">
<kw name="Input Text" library="Selenium2Library">
<doc>Types the given ``text`` into the text field identified by ``locator``.</doc>
<arguments>
<arg>${regis_input_firstname}</arg>
<arg>${firstname}</arg>
</arguments>
<msg timestamp="20201012 17:55:27.622" level="INFO">Typing text 'Namchok' into text field 'xpath=//*[@id="acc_Firstname"]'.</msg>
<status status="PASS" starttime="20201012 17:55:27.622" endtime="20201012 17:55:27.781"></status>
</kw>
<status status="PASS" starttime="20201012 17:55:27.621" endtime="20201012 17:55:27.781"></status>
</kw>
<kw name="AND Fill lastname &quot;Singhachai&quot;">
<kw name="Input Text" library="Selenium2Library">
<doc>Types the given ``text`` into the text field identified by ``locator``.</doc>
<arguments>
<arg>${regis_input_lastname}</arg>
<arg>${lastname}</arg>
</arguments>
<msg timestamp="20201012 17:55:27.782" level="INFO">Typing text 'Singhachai' into text field 'xpath=//*[@id="acc_Lastname"]'.</msg>
<status status="PASS" starttime="20201012 17:55:27.782" endtime="20201012 17:55:27.910"></status>
</kw>
<status status="PASS" starttime="20201012 17:55:27.781" endtime="20201012 17:55:27.910"></status>
</kw>
<kw name="AND Fill email &quot;Test999@gmail.com&quot;">
<kw name="Input Text" library="Selenium2Library">
<doc>Types the given ``text`` into the text field identified by ``locator``.</doc>
<arguments>
<arg>${regis_input_email}</arg>
<arg>${email}</arg>
</arguments>
<msg timestamp="20201012 17:55:27.912" level="INFO">Typing text 'Test999@gmail.com' into text field 'xpath=//*[@id="acc_Email"]'.</msg>
<status status="PASS" starttime="20201012 17:55:27.911" endtime="20201012 17:55:28.058"></status>
</kw>
<status status="PASS" starttime="20201012 17:55:27.911" endtime="20201012 17:55:28.059"></status>
</kw>
<kw name="AND Fill password &quot;123qweQ!&quot;">
<kw name="Input Password" library="Selenium2Library">
<doc>Types the given password into the text field identified by ``locator``.</doc>
<arguments>
<arg>${regis_input_password}</arg>
<arg>${password}</arg>
</arguments>
<msg timestamp="20201012 17:55:28.060" level="INFO">Typing password into text field 'xpath=//*[@id="acc_Password"]'.</msg>
<msg timestamp="20201012 17:55:28.113" level="INFO">Temporally setting log level to: NONE</msg>
<msg timestamp="20201012 17:55:28.228" level="INFO">Log level changed from NONE to INFO.</msg>
<status status="PASS" starttime="20201012 17:55:28.060" endtime="20201012 17:55:28.228"></status>
</kw>
<status status="PASS" starttime="20201012 17:55:28.059" endtime="20201012 17:55:28.229"></status>
</kw>
<kw name="AND Fill confirmpass &quot;123qweQ&quot;">
<kw name="Input Password" library="Selenium2Library">
<doc>Types the given password into the text field identified by ``locator``.</doc>
<arguments>
<arg>${regis_input_confirmpass}</arg>
<arg>${confirmpass}</arg>
</arguments>
<msg timestamp="20201012 17:55:28.232" level="INFO">Typing password into text field 'xpath=//*[@id="acc_ConfirmPassword"]'.</msg>
<msg timestamp="20201012 17:55:28.366" level="INFO">Temporally setting log level to: NONE</msg>
<msg timestamp="20201012 17:55:28.470" level="INFO">Log level changed from NONE to INFO.</msg>
<status status="PASS" starttime="20201012 17:55:28.231" endtime="20201012 17:55:28.470"></status>
</kw>
<status status="PASS" starttime="20201012 17:55:28.230" endtime="20201012 17:55:28.470"></status>
</kw>
<kw name="AND Register">
<kw name="Sleep" library="BuiltIn">
<doc>Pauses the test executed for the given time.</doc>
<arguments>
<arg>3s</arg>
</arguments>
<status status="FAIL" starttime="20201012 17:55:28.473" endtime="20201012 17:55:30.946"></status>
</kw>
<status status="FAIL" starttime="20201012 17:55:28.472" endtime="20201012 17:55:30.946"></status>
</kw>
<kw name="Close Browser" library="Selenium2Library" type="teardown">
<doc>Closes the current browser.</doc>
<errors>
<msg timestamp="20201012 17:55:36.975" level="ERROR">Execution stopped by user.</msg>
</errors>
</robot>
