<?xml version="1.0" encoding="UTF-8"?>
<robot generator="Robot 3.1.2 (Python 3.8.1 on win32)" generated="20201001 16:47:19.069" rpa="false">
<suite id="s1" name="UMS-Log" source="C:\Users\Namchok\Desktop\สหกิจ\ums\Automate Test\UMS-Log\UMS-Log.robot">
<test id="s1-t1" name="UMS-Log-01">
<kw name="GIVEN Open web browser">
<kw name="Open Browser" library="Selenium2Library">
<doc>Opens a new browser instance to the optional ``url``.</doc>
<arguments>
<arg>${ums_url}</arg>
<arg>chrome</arg>
</arguments>
<msg timestamp="20201001 16:47:19.256" level="INFO">Opening browser 'chrome' to base url 'https://localhost:44346/'.</msg>
<status status="PASS" starttime="20201001 16:47:19.255" endtime="20201001 16:47:23.033"></status>
</kw>
<kw name="Maximize Browser Window" library="Selenium2Library">
<doc>Maximizes current browser window.</doc>
<status status="PASS" starttime="20201001 16:47:23.033" endtime="20201001 16:47:25.193"></status>
</kw>
<status status="PASS" starttime="20201001 16:47:19.255" endtime="20201001 16:47:25.193"></status>
</kw>
<kw name="WHEN Login with &quot;usermanagement2020@gmail.com&quot; &quot;123qweQ!&quot;">
<kw name="Input Text" library="Selenium2Library">
<doc>Types the given ``text`` into the text field identified by ``locator``.</doc>
<arguments>
<arg>${ums_login_input_email}</arg>
<arg>${username}</arg>
</arguments>
<msg timestamp="20201001 16:47:25.194" level="INFO">Typing text 'usermanagement2020@gmail.com' into text field 'xpath=//*[@id="acc_Email"]'.</msg>
<status status="PASS" starttime="20201001 16:47:25.194" endtime="20201001 16:47:25.289"></status>
</kw>
<kw name="Input Password" library="Selenium2Library">
<doc>Types the given password into the text field identified by ``locator``.</doc>
<arguments>
<arg>${ums_login_input_password}</arg>
<arg>${password}</arg>
</arguments>
<msg timestamp="20201001 16:47:25.289" level="INFO">Typing password into text field 'xpath=//*[@id="acc_Password"]'.</msg>
<status status="PASS" starttime="20201001 16:47:25.289" endtime="20201001 16:47:25.363"></status>
</kw>
<kw name="Sleep" library="BuiltIn">
<doc>Pauses the test executed for the given time.</doc>
<arguments>
<arg>1s</arg>
</arguments>
<msg timestamp="20201001 16:47:26.378" level="INFO">Slept 1 second</msg>
<status status="PASS" starttime="20201001 16:47:25.364" endtime="20201001 16:47:26.378"></status>
</kw>
<kw name="Click Element" library="Selenium2Library">
<doc>Click the element identified by ``locator``.</doc>
<arguments>
<arg>${ums_btn_login}</arg>
</arguments>
<msg timestamp="20201001 16:47:26.378" level="INFO">Clicking element 'xpath=//*[@id="account"]/div[3]/div[2]/button'.</msg>
<status status="PASS" starttime="20201001 16:47:26.378" endtime="20201001 16:47:27.867"></status>
</kw>
<status status="PASS" starttime="20201001 16:47:25.194" endtime="20201001 16:47:27.867"></status>
</kw>
<kw name="AND Go to logs monitor">
<kw name="Go To" library="Selenium2Library">
<doc>Navigates the current browser window to the provided ``url``.</doc>
<arguments>
<arg>${ums_log_url}</arg>
</arguments>
<msg timestamp="20201001 16:47:27.868" level="INFO">Opening url 'https://localhost:44346/Logs'</msg>
<status status="PASS" starttime="20201001 16:47:27.868" endtime="20201001 16:47:28.175"></status>
</kw>
<status status="PASS" starttime="20201001 16:47:27.868" endtime="20201001 16:47:28.175"></status>
</kw>
<kw name="AND Fill message &quot;Welcome&quot;">
<kw name="Input Text" library="Selenium2Library">
<doc>Types the given ``text`` into the text field identified by ``locator``.</doc>
<arguments>
<arg>${log_input_message}</arg>
<arg>${message}</arg>
</arguments>
<msg timestamp="20201001 16:47:28.176" level="INFO">Typing text 'Welcome' into text field 'xpath=//*[@id="message"]'.</msg>
<status status="PASS" starttime="20201001 16:47:28.176" endtime="20201001 16:47:28.253"></status>
</kw>
<status status="PASS" starttime="20201001 16:47:28.176" endtime="20201001 16:47:28.253"></status>
</kw>
<kw name="AND Fill date &quot;10/01/2020 12:00 AM - 10/01/2020 11:59 PM&quot;">
<kw name="Input Text" library="Selenium2Library">
<doc>Types the given ``text`` into the text field identified by ``locator``.</doc>
<arguments>
<arg>${log_input_message}</arg>
<arg>${date}</arg>
</arguments>
<msg timestamp="20201001 16:47:28.254" level="INFO">Typing text '10/01/2020 12:00 AM - 10/01/2020 11:59 PM' into text field 'xpath=//*[@id="message"]'.</msg>
<status status="PASS" starttime="20201001 16:47:28.254" endtime="20201001 16:47:28.333"></status>
</kw>
<status status="PASS" starttime="20201001 16:47:28.254" endtime="20201001 16:47:28.333"></status>
</kw>
<kw name="AND Search">
<kw name="Click Element" library="Selenium2Library">
<doc>Click the element identified by ``locator``.</doc>
<arguments>
<arg>${log_btn_search}</arg>
</arguments>
<msg timestamp="20201001 16:47:28.334" level="INFO">Clicking element 'xpath=//*[@id="searchLogs"]/div[3]/button[2]'.</msg>
<status status="PASS" starttime="20201001 16:47:28.334" endtime="20201001 16:47:28.376"></status>
</kw>
<kw name="Sleep" library="BuiltIn">
<doc>Pauses the test executed for the given time.</doc>
<arguments>
<arg>1s</arg>
</arguments>
<msg timestamp="20201001 16:47:29.388" level="INFO">Slept 1 second</msg>
<status status="PASS" starttime="20201001 16:47:28.376" endtime="20201001 16:47:29.388"></status>
</kw>
<status status="PASS" starttime="20201001 16:47:28.334" endtime="20201001 16:47:29.388"></status>
</kw>
<kw name="THEN The alert message must say &quot;Successfully&quot;">
<kw name="Wait Until Page Contains" library="Selenium2Library">
<doc>Waits until ``text`` appears on the current page.</doc>
<arguments>
<arg>${message}</arg>
</arguments>
<status status="PASS" starttime="20201001 16:47:29.389" endtime="20201001 16:47:29.400"></status>
</kw>
<status status="PASS" starttime="20201001 16:47:29.389" endtime="20201001 16:47:29.400"></status>
</kw>
<kw name="Close Browser" library="Selenium2Library" type="teardown">
<doc>Closes the current browser.</doc>
<status status="PASS" starttime="20201001 16:47:29.401" endtime="20201001 16:47:32.324"></status>
</kw>
<doc>กรอกข้อความและวันที่ถูกต้อง</doc>
<tags>
<tag>PASS</tag>
</tags>
<status status="PASS" starttime="20201001 16:47:19.254" endtime="20201001 16:47:32.325" critical="yes"></status>
</test>
<test id="s1-t2" name="UMS-Log-02">
<kw name="GIVEN Open web browser">
<kw name="Open Browser" library="Selenium2Library">
<doc>Opens a new browser instance to the optional ``url``.</doc>
<arguments>
<arg>${ums_url}</arg>
<arg>chrome</arg>
</arguments>
<msg timestamp="20201001 16:47:32.328" level="INFO">Opening browser 'chrome' to base url 'https://localhost:44346/'.</msg>
<status status="PASS" starttime="20201001 16:47:32.328" endtime="20201001 16:47:36.252"></status>
</kw>
<kw name="Maximize Browser Window" library="Selenium2Library">
<doc>Maximizes current browser window.</doc>
<status status="PASS" starttime="20201001 16:47:36.252" endtime="20201001 16:47:38.394"></status>
</kw>
<status status="PASS" starttime="20201001 16:47:32.328" endtime="20201001 16:47:38.394"></status>
</kw>
<kw name="WHEN Login with &quot;usermanagement2020@gmail.com&quot; &quot;123qweQ!&quot;">
<kw name="Input Text" library="Selenium2Library">
<doc>Types the given ``text`` into the text field identified by ``locator``.</doc>
<arguments>
<arg>${ums_login_input_email}</arg>
<arg>${username}</arg>
</arguments>
<msg timestamp="20201001 16:47:38.395" level="INFO">Typing text 'usermanagement2020@gmail.com' into text field 'xpath=//*[@id="acc_Email"]'.</msg>
<status status="PASS" starttime="20201001 16:47:38.395" endtime="20201001 16:47:38.490"></status>
</kw>
<kw name="Input Password" library="Selenium2Library">
<doc>Types the given password into the text field identified by ``locator``.</doc>
<arguments>
<arg>${ums_login_input_password}</arg>
<arg>${password}</arg>
</arguments>
<msg timestamp="20201001 16:47:38.490" level="INFO">Typing password into text field 'xpath=//*[@id="acc_Password"]'.</msg>
<status status="PASS" starttime="20201001 16:47:38.490" endtime="20201001 16:47:38.566"></status>
</kw>
<kw name="Sleep" library="BuiltIn">
<doc>Pauses the test executed for the given time.</doc>
<arguments>
<arg>1s</arg>
</arguments>
<msg timestamp="20201001 16:47:39.567" level="INFO">Slept 1 second</msg>
<status status="PASS" starttime="20201001 16:47:38.566" endtime="20201001 16:47:39.567"></status>
</kw>
<kw name="Click Element" library="Selenium2Library">
<doc>Click the element identified by ``locator``.</doc>
<arguments>
<arg>${ums_btn_login}</arg>
</arguments>
<msg timestamp="20201001 16:47:39.567" level="INFO">Clicking element 'xpath=//*[@id="account"]/div[3]/div[2]/button'.</msg>
<status status="PASS" starttime="20201001 16:47:39.567" endtime="20201001 16:47:40.125"></status>
</kw>
<status status="PASS" starttime="20201001 16:47:38.395" endtime="20201001 16:47:40.125"></status>
</kw>
<kw name="AND Go to logs monitor">
<kw name="Go To" library="Selenium2Library">
<doc>Navigates the current browser window to the provided ``url``.</doc>
<arguments>
<arg>${ums_log_url}</arg>
</arguments>
<msg timestamp="20201001 16:47:40.126" level="INFO">Opening url 'https://localhost:44346/Logs'</msg>
<status status="PASS" starttime="20201001 16:47:40.126" endtime="20201001 16:47:40.362"></status>
</kw>
<status status="PASS" starttime="20201001 16:47:40.125" endtime="20201001 16:47:40.362"></status>
</kw>
<kw name="AND Fill message &quot;**##@@&quot;">
<kw name="Input Text" library="Selenium2Library">
<doc>Types the given ``text`` into the text field identified by ``locator``.</doc>
<arguments>
<arg>${log_input_message}</arg>
<arg>${message}</arg>
</arguments>
<msg timestamp="20201001 16:47:40.364" level="INFO">Typing text '**##@@' into text field 'xpath=//*[@id="message"]'.</msg>
<status status="PASS" starttime="20201001 16:47:40.363" endtime="20201001 16:47:40.438"></status>
</kw>
<status status="PASS" starttime="20201001 16:47:40.363" endtime="20201001 16:47:40.439"></status>
</kw>
<kw name="AND Fill date &quot;**##@@&quot;">
<kw name="Input Text" library="Selenium2Library">
<doc>Types the given ``text`` into the text field identified by ``locator``.</doc>
<arguments>
<arg>${log_input_message}</arg>
<arg>${date}</arg>
</arguments>
<msg timestamp="20201001 16:47:40.439" level="INFO">Typing text '**##@@' into text field 'xpath=//*[@id="message"]'.</msg>
<status status="PASS" starttime="20201001 16:47:40.439" endtime="20201001 16:47:40.490"></status>
</kw>
<status status="PASS" starttime="20201001 16:47:40.439" endtime="20201001 16:47:40.490"></status>
</kw>
<kw name="THEN Search">
<kw name="Click Element" library="Selenium2Library">
<doc>Click the element identified by ``locator``.</doc>
<arguments>
<arg>${log_btn_search}</arg>
</arguments>
<msg timestamp="20201001 16:47:40.491" level="INFO">Clicking element 'xpath=//*[@id="searchLogs"]/div[3]/button[2]'.</msg>
<status status="PASS" starttime="20201001 16:47:40.491" endtime="20201001 16:47:40.527"></status>
</kw>
<kw name="Sleep" library="BuiltIn">
<doc>Pauses the test executed for the given time.</doc>
<arguments>
<arg>1s</arg>
</arguments>
<msg timestamp="20201001 16:47:41.535" level="INFO">Slept 1 second</msg>
<status status="PASS" starttime="20201001 16:47:40.527" endtime="20201001 16:47:41.535"></status>
</kw>
<status status="PASS" starttime="20201001 16:47:40.490" endtime="20201001 16:47:41.535"></status>
</kw>
<kw name="Close Browser" library="Selenium2Library" type="teardown">
<doc>Closes the current browser.</doc>
<status status="PASS" starttime="20201001 16:47:41.536" endtime="20201001 16:47:43.669"></status>
</kw>
<doc>กรอกข้อความและวันที่ไม่ถูกต้อง</doc>
<tags>
<tag>FAILS</tag>
</tags>
<status status="PASS" starttime="20201001 16:47:32.326" endtime="20201001 16:47:43.670" critical="yes"></status>
</test>
<test id="s1-t3" name="UMS-Log-03">
<kw name="GIVEN Open web browser">
<kw name="Open Browser" library="Selenium2Library">
<doc>Opens a new browser instance to the optional ``url``.</doc>
<arguments>
<arg>${ums_url}</arg>
<arg>chrome</arg>
</arguments>
<msg timestamp="20201001 16:47:43.673" level="INFO">Opening browser 'chrome' to base url 'https://localhost:44346/'.</msg>
<status status="PASS" starttime="20201001 16:47:43.673" endtime="20201001 16:47:47.424"></status>
</kw>
<kw name="Maximize Browser Window" library="Selenium2Library">
<doc>Maximizes current browser window.</doc>
<status status="PASS" starttime="20201001 16:47:47.425" endtime="20201001 16:47:49.591"></status>
</kw>
<status status="PASS" starttime="20201001 16:47:43.672" endtime="20201001 16:47:49.591"></status>
</kw>
<kw name="WHEN Login with &quot;usermanagement2020@gmail.com&quot; &quot;123qweQ!&quot;">
<kw name="Input Text" library="Selenium2Library">
<doc>Types the given ``text`` into the text field identified by ``locator``.</doc>
<arguments>
<arg>${ums_login_input_email}</arg>
<arg>${username}</arg>
</arguments>
<msg timestamp="20201001 16:47:49.592" level="INFO">Typing text 'usermanagement2020@gmail.com' into text field 'xpath=//*[@id="acc_Email"]'.</msg>
<status status="PASS" starttime="20201001 16:47:49.592" endtime="20201001 16:47:49.687"></status>
</kw>
<kw name="Input Password" library="Selenium2Library">
<doc>Types the given password into the text field identified by ``locator``.</doc>
<arguments>
<arg>${ums_login_input_password}</arg>
<arg>${password}</arg>
</arguments>
<msg timestamp="20201001 16:47:49.687" level="INFO">Typing password into text field 'xpath=//*[@id="acc_Password"]'.</msg>
<status status="PASS" starttime="20201001 16:47:49.687" endtime="20201001 16:47:49.764"></status>
</kw>
<kw name="Sleep" library="BuiltIn">
<doc>Pauses the test executed for the given time.</doc>
<arguments>
<arg>1s</arg>
</arguments>
<msg timestamp="20201001 16:47:50.773" level="INFO">Slept 1 second</msg>
<status status="PASS" starttime="20201001 16:47:49.764" endtime="20201001 16:47:50.773"></status>
</kw>
<kw name="Click Element" library="Selenium2Library">
<doc>Click the element identified by ``locator``.</doc>
<arguments>
<arg>${ums_btn_login}</arg>
</arguments>
<msg timestamp="20201001 16:47:50.773" level="INFO">Clicking element 'xpath=//*[@id="account"]/div[3]/div[2]/button'.</msg>
<status status="PASS" starttime="20201001 16:47:50.773" endtime="20201001 16:47:51.082"></status>
</kw>
<status status="PASS" starttime="20201001 16:47:49.592" endtime="20201001 16:47:51.082"></status>
</kw>
<kw name="AND Go to logs monitor">
<kw name="Go To" library="Selenium2Library">
<doc>Navigates the current browser window to the provided ``url``.</doc>
<arguments>
<arg>${ums_log_url}</arg>
</arguments>
<msg timestamp="20201001 16:47:51.083" level="INFO">Opening url 'https://localhost:44346/Logs'</msg>
<status status="PASS" starttime="20201001 16:47:51.083" endtime="20201001 16:47:51.314"></status>
</kw>
<status status="PASS" starttime="20201001 16:47:51.083" endtime="20201001 16:47:51.314"></status>
</kw>
<kw name="AND Fill message &quot;**##@@&quot;">
<kw name="Input Text" library="Selenium2Library">
<doc>Types the given ``text`` into the text field identified by ``locator``.</doc>
<arguments>
<arg>${log_input_message}</arg>
<arg>${message}</arg>
</arguments>
<msg timestamp="20201001 16:47:51.316" level="INFO">Typing text '**##@@' into text field 'xpath=//*[@id="message"]'.</msg>
<status status="PASS" starttime="20201001 16:47:51.315" endtime="20201001 16:47:51.399"></status>
</kw>
<status status="PASS" starttime="20201001 16:47:51.315" endtime="20201001 16:47:51.399"></status>
</kw>
<kw name="AND Fill date &quot;10/01/2020 12:00 AM - 10/01/2020 11:59 PM&quot;">
<kw name="Input Text" library="Selenium2Library">
<doc>Types the given ``text`` into the text field identified by ``locator``.</doc>
<arguments>
<arg>${log_input_message}</arg>
<arg>${date}</arg>
</arguments>
<msg timestamp="20201001 16:47:51.401" level="INFO">Typing text '10/01/2020 12:00 AM - 10/01/2020 11:59 PM' into text field 'xpath=//*[@id="message"]'.</msg>
<status status="PASS" starttime="20201001 16:47:51.400" endtime="20201001 16:47:51.478"></status>
</kw>
<status status="PASS" starttime="20201001 16:47:51.400" endtime="20201001 16:47:51.478"></status>
</kw>
<kw name="THEN Search">
<kw name="Click Element" library="Selenium2Library">
<doc>Click the element identified by ``locator``.</doc>
<arguments>
<arg>${log_btn_search}</arg>
</arguments>
<msg timestamp="20201001 16:47:51.480" level="INFO">Clicking element 'xpath=//*[@id="searchLogs"]/div[3]/button[2]'.</msg>
<status status="PASS" starttime="20201001 16:47:51.479" endtime="20201001 16:47:51.518"></status>
</kw>
<kw name="Sleep" library="BuiltIn">
<doc>Pauses the test executed for the given time.</doc>
<arguments>
<arg>1s</arg>
</arguments>
<msg timestamp="20201001 16:47:52.522" level="INFO">Slept 1 second</msg>
<status status="PASS" starttime="20201001 16:47:51.518" endtime="20201001 16:47:52.522"></status>
</kw>
<status status="PASS" starttime="20201001 16:47:51.479" endtime="20201001 16:47:52.522"></status>
</kw>
<kw name="Close Browser" library="Selenium2Library" type="teardown">
<doc>Closes the current browser.</doc>
<status status="PASS" starttime="20201001 16:47:52.522" endtime="20201001 16:47:54.641"></status>
</kw>
<doc>กรอกข้อความไม่ถูกต้อง</doc>
<tags>
<tag>FAILS</tag>
</tags>
<status status="PASS" starttime="20201001 16:47:43.671" endtime="20201001 16:47:54.641" critical="yes"></status>
</test>
<test id="s1-t4" name="UMS-Log-04">
<kw name="GIVEN Open web browser">
<kw name="Open Browser" library="Selenium2Library">
<doc>Opens a new browser instance to the optional ``url``.</doc>
<arguments>
<arg>${ums_url}</arg>
<arg>chrome</arg>
</arguments>
<msg timestamp="20201001 16:47:54.644" level="INFO">Opening browser 'chrome' to base url 'https://localhost:44346/'.</msg>
<status status="PASS" starttime="20201001 16:47:54.644" endtime="20201001 16:47:58.606"></status>
</kw>
<kw name="Maximize Browser Window" library="Selenium2Library">
<doc>Maximizes current browser window.</doc>
<status status="PASS" starttime="20201001 16:47:58.606" endtime="20201001 16:48:00.751"></status>
</kw>
<status status="PASS" starttime="20201001 16:47:54.643" endtime="20201001 16:48:00.751"></status>
</kw>
<kw name="WHEN Login with &quot;usermanagement2020@gmail.com&quot; &quot;123qweQ!&quot;">
<kw name="Input Text" library="Selenium2Library">
<doc>Types the given ``text`` into the text field identified by ``locator``.</doc>
<arguments>
<arg>${ums_login_input_email}</arg>
<arg>${username}</arg>
</arguments>
<msg timestamp="20201001 16:48:00.753" level="INFO">Typing text 'usermanagement2020@gmail.com' into text field 'xpath=//*[@id="acc_Email"]'.</msg>
<status status="PASS" starttime="20201001 16:48:00.752" endtime="20201001 16:48:00.846"></status>
</kw>
<kw name="Input Password" library="Selenium2Library">
<doc>Types the given password into the text field identified by ``locator``.</doc>
<arguments>
<arg>${ums_login_input_password}</arg>
<arg>${password}</arg>
</arguments>
<msg timestamp="20201001 16:48:00.846" level="INFO">Typing password into text field 'xpath=//*[@id="acc_Password"]'.</msg>
<status status="PASS" starttime="20201001 16:48:00.846" endtime="20201001 16:48:00.917"></status>
</kw>
<kw name="Sleep" library="BuiltIn">
<doc>Pauses the test executed for the given time.</doc>
<arguments>
<arg>1s</arg>
</arguments>
<msg timestamp="20201001 16:48:01.921" level="INFO">Slept 1 second</msg>
<status status="PASS" starttime="20201001 16:48:00.918" endtime="20201001 16:48:01.921"></status>
</kw>
<kw name="Click Element" library="Selenium2Library">
<doc>Click the element identified by ``locator``.</doc>
<arguments>
<arg>${ums_btn_login}</arg>
</arguments>
<msg timestamp="20201001 16:48:01.921" level="INFO">Clicking element 'xpath=//*[@id="account"]/div[3]/div[2]/button'.</msg>
<status status="PASS" starttime="20201001 16:48:01.921" endtime="20201001 16:48:02.280"></status>
</kw>
<status status="PASS" starttime="20201001 16:48:00.752" endtime="20201001 16:48:02.280"></status>
</kw>
<kw name="AND Go to logs monitor">
<kw name="Go To" library="Selenium2Library">
<doc>Navigates the current browser window to the provided ``url``.</doc>
<arguments>
<arg>${ums_log_url}</arg>
</arguments>
<msg timestamp="20201001 16:48:02.281" level="INFO">Opening url 'https://localhost:44346/Logs'</msg>
<status status="PASS" starttime="20201001 16:48:02.281" endtime="20201001 16:48:02.510"></status>
</kw>
<status status="PASS" starttime="20201001 16:48:02.280" endtime="20201001 16:48:02.510"></status>
</kw>
<kw name="AND Fill message &quot;Welcome&quot;">
<kw name="Input Text" library="Selenium2Library">
<doc>Types the given ``text`` into the text field identified by ``locator``.</doc>
<arguments>
<arg>${log_input_message}</arg>
<arg>${message}</arg>
</arguments>
<msg timestamp="20201001 16:48:02.511" level="INFO">Typing text 'Welcome' into text field 'xpath=//*[@id="message"]'.</msg>
<status status="PASS" starttime="20201001 16:48:02.511" endtime="20201001 16:48:02.588"></status>
</kw>
<status status="PASS" starttime="20201001 16:48:02.511" endtime="20201001 16:48:02.588"></status>
</kw>
<kw name="AND Fill date &quot;**##@@&quot;">
<kw name="Input Text" library="Selenium2Library">
<doc>Types the given ``text`` into the text field identified by ``locator``.</doc>
<arguments>
<arg>${log_input_message}</arg>
<arg>${date}</arg>
</arguments>
<msg timestamp="20201001 16:48:02.589" level="INFO">Typing text '**##@@' into text field 'xpath=//*[@id="message"]'.</msg>
<status status="PASS" starttime="20201001 16:48:02.589" endtime="20201001 16:48:02.647"></status>
</kw>
<status status="PASS" starttime="20201001 16:48:02.588" endtime="20201001 16:48:02.647"></status>
</kw>
<kw name="THEN Search">
<kw name="Click Element" library="Selenium2Library">
<doc>Click the element identified by ``locator``.</doc>
<arguments>
<arg>${log_btn_search}</arg>
</arguments>
<msg timestamp="20201001 16:48:02.648" level="INFO">Clicking element 'xpath=//*[@id="searchLogs"]/div[3]/button[2]'.</msg>
<status status="PASS" starttime="20201001 16:48:02.648" endtime="20201001 16:48:02.685"></status>
</kw>
<kw name="Sleep" library="BuiltIn">
<doc>Pauses the test executed for the given time.</doc>
<arguments>
<arg>1s</arg>
</arguments>
<msg timestamp="20201001 16:48:03.695" level="INFO">Slept 1 second</msg>
<status status="PASS" starttime="20201001 16:48:02.685" endtime="20201001 16:48:03.695"></status>
</kw>
<status status="PASS" starttime="20201001 16:48:02.648" endtime="20201001 16:48:03.695"></status>
</kw>
<kw name="Close Browser" library="Selenium2Library" type="teardown">
<doc>Closes the current browser.</doc>
<status status="PASS" starttime="20201001 16:48:03.696" endtime="20201001 16:48:05.820"></status>
</kw>
<doc>กรอกวันที่ไม่ถูกต้อง</doc>
<tags>
<tag>FAILS</tag>
</tags>
<status status="PASS" starttime="20201001 16:47:54.642" endtime="20201001 16:48:05.821" critical="yes"></status>
</test>
<test id="s1-t5" name="UMS-Log-05">
<kw name="GIVEN Open web browser">
<kw name="Open Browser" library="Selenium2Library">
<doc>Opens a new browser instance to the optional ``url``.</doc>
<arguments>
<arg>${ums_url}</arg>
<arg>chrome</arg>
</arguments>
<msg timestamp="20201001 16:48:05.824" level="INFO">Opening browser 'chrome' to base url 'https://localhost:44346/'.</msg>
<status status="PASS" starttime="20201001 16:48:05.824" endtime="20201001 16:48:09.533"></status>
</kw>
<kw name="Maximize Browser Window" library="Selenium2Library">
<doc>Maximizes current browser window.</doc>
<status status="PASS" starttime="20201001 16:48:09.533" endtime="20201001 16:48:11.655"></status>
</kw>
<status status="PASS" starttime="20201001 16:48:05.824" endtime="20201001 16:48:11.655"></status>
</kw>
<kw name="WHEN Login with &quot;usermanagement2020@gmail.com&quot; &quot;123qweQ!&quot;">
<kw name="Input Text" library="Selenium2Library">
<doc>Types the given ``text`` into the text field identified by ``locator``.</doc>
<arguments>
<arg>${ums_login_input_email}</arg>
<arg>${username}</arg>
</arguments>
<msg timestamp="20201001 16:48:11.656" level="INFO">Typing text 'usermanagement2020@gmail.com' into text field 'xpath=//*[@id="acc_Email"]'.</msg>
<status status="PASS" starttime="20201001 16:48:11.656" endtime="20201001 16:48:11.752"></status>
</kw>
<kw name="Input Password" library="Selenium2Library">
<doc>Types the given password into the text field identified by ``locator``.</doc>
<arguments>
<arg>${ums_login_input_password}</arg>
<arg>${password}</arg>
</arguments>
<msg timestamp="20201001 16:48:11.752" level="INFO">Typing password into text field 'xpath=//*[@id="acc_Password"]'.</msg>
<status status="PASS" starttime="20201001 16:48:11.752" endtime="20201001 16:48:11.830"></status>
</kw>
<kw name="Sleep" library="BuiltIn">
<doc>Pauses the test executed for the given time.</doc>
<arguments>
<arg>1s</arg>
</arguments>
<msg timestamp="20201001 16:48:12.841" level="INFO">Slept 1 second</msg>
<status status="PASS" starttime="20201001 16:48:11.830" endtime="20201001 16:48:12.841"></status>
</kw>
<kw name="Click Element" library="Selenium2Library">
<doc>Click the element identified by ``locator``.</doc>
<arguments>
<arg>${ums_btn_login}</arg>
</arguments>
<msg timestamp="20201001 16:48:12.841" level="INFO">Clicking element 'xpath=//*[@id="account"]/div[3]/div[2]/button'.</msg>
<status status="PASS" starttime="20201001 16:48:12.841" endtime="20201001 16:48:13.322"></status>
</kw>
<status status="PASS" starttime="20201001 16:48:11.656" endtime="20201001 16:48:13.322"></status>
</kw>
<kw name="AND Go to logs monitor">
<kw name="Go To" library="Selenium2Library">
<doc>Navigates the current browser window to the provided ``url``.</doc>
<arguments>
<arg>${ums_log_url}</arg>
</arguments>
<msg timestamp="20201001 16:48:13.323" level="INFO">Opening url 'https://localhost:44346/Logs'</msg>
<status status="PASS" starttime="20201001 16:48:13.323" endtime="20201001 16:48:13.554"></status>
</kw>
<status status="PASS" starttime="20201001 16:48:13.323" endtime="20201001 16:48:13.554"></status>
</kw>
<kw name="THEN Search">
<kw name="Click Element" library="Selenium2Library">
<doc>Click the element identified by ``locator``.</doc>
<arguments>
<arg>${log_btn_search}</arg>
</arguments>
<msg timestamp="20201001 16:48:13.555" level="INFO">Clicking element 'xpath=//*[@id="searchLogs"]/div[3]/button[2]'.</msg>
<status status="PASS" starttime="20201001 16:48:13.555" endtime="20201001 16:48:13.599"></status>
</kw>
<kw name="Sleep" library="BuiltIn">
<doc>Pauses the test executed for the given time.</doc>
<arguments>
<arg>1s</arg>
</arguments>
<msg timestamp="20201001 16:48:14.614" level="INFO">Slept 1 second</msg>
<status status="PASS" starttime="20201001 16:48:13.599" endtime="20201001 16:48:14.614"></status>
</kw>
<status status="PASS" starttime="20201001 16:48:13.555" endtime="20201001 16:48:14.614"></status>
</kw>
<kw name="Close Browser" library="Selenium2Library" type="teardown">
<doc>Closes the current browser.</doc>
<status status="PASS" starttime="20201001 16:48:14.615" endtime="20201001 16:48:16.729"></status>
</kw>
<doc>ไม่กรอกข้อความและวันที่</doc>
<tags>
<tag>FAILS</tag>
</tags>
<status status="PASS" starttime="20201001 16:48:05.822" endtime="20201001 16:48:16.730" critical="yes"></status>
</test>
<test id="s1-t6" name="UMS-Log-06">
<kw name="GIVEN Open web browser">
<kw name="Open Browser" library="Selenium2Library">
<doc>Opens a new browser instance to the optional ``url``.</doc>
<arguments>
<arg>${ums_url}</arg>
<arg>chrome</arg>
</arguments>
<msg timestamp="20201001 16:48:16.734" level="INFO">Opening browser 'chrome' to base url 'https://localhost:44346/'.</msg>
<status status="PASS" starttime="20201001 16:48:16.733" endtime="20201001 16:48:20.493"></status>
</kw>
<kw name="Maximize Browser Window" library="Selenium2Library">
<doc>Maximizes current browser window.</doc>
<status status="PASS" starttime="20201001 16:48:20.493" endtime="20201001 16:48:22.637"></status>
</kw>
<status status="PASS" starttime="20201001 16:48:16.733" endtime="20201001 16:48:22.637"></status>
</kw>
<kw name="WHEN Login with &quot;usermanagement2020@gmail.com&quot; &quot;123qweQ!&quot;">
<kw name="Input Text" library="Selenium2Library">
<doc>Types the given ``text`` into the text field identified by ``locator``.</doc>
<arguments>
<arg>${ums_login_input_email}</arg>
<arg>${username}</arg>
</arguments>
<msg timestamp="20201001 16:48:22.638" level="INFO">Typing text 'usermanagement2020@gmail.com' into text field 'xpath=//*[@id="acc_Email"]'.</msg>
<status status="PASS" starttime="20201001 16:48:22.638" endtime="20201001 16:48:22.734"></status>
</kw>
<kw name="Input Password" library="Selenium2Library">
<doc>Types the given password into the text field identified by ``locator``.</doc>
<arguments>
<arg>${ums_login_input_password}</arg>
<arg>${password}</arg>
</arguments>
<msg timestamp="20201001 16:48:22.735" level="INFO">Typing password into text field 'xpath=//*[@id="acc_Password"]'.</msg>
<status status="PASS" starttime="20201001 16:48:22.734" endtime="20201001 16:48:22.811"></status>
</kw>
<kw name="Sleep" library="BuiltIn">
<doc>Pauses the test executed for the given time.</doc>
<arguments>
<arg>1s</arg>
</arguments>
<msg timestamp="20201001 16:48:23.823" level="INFO">Slept 1 second</msg>
<status status="PASS" starttime="20201001 16:48:22.812" endtime="20201001 16:48:23.823"></status>
</kw>
<kw name="Click Element" library="Selenium2Library">
<doc>Click the element identified by ``locator``.</doc>
<arguments>
<arg>${ums_btn_login}</arg>
</arguments>
<msg timestamp="20201001 16:48:23.823" level="INFO">Clicking element 'xpath=//*[@id="account"]/div[3]/div[2]/button'.</msg>
<status status="PASS" starttime="20201001 16:48:23.823" endtime="20201001 16:48:24.209"></status>
</kw>
<status status="PASS" starttime="20201001 16:48:22.638" endtime="20201001 16:48:24.209"></status>
</kw>
<kw name="AND Go to logs monitor">
<kw name="Go To" library="Selenium2Library">
<doc>Navigates the current browser window to the provided ``url``.</doc>
<arguments>
<arg>${ums_log_url}</arg>
</arguments>
<msg timestamp="20201001 16:48:24.211" level="INFO">Opening url 'https://localhost:44346/Logs'</msg>
<status status="PASS" starttime="20201001 16:48:24.210" endtime="20201001 16:48:24.436"></status>
</kw>
<status status="PASS" starttime="20201001 16:48:24.210" endtime="20201001 16:48:24.436"></status>
</kw>
<kw name="AND Fill date &quot;10/01/2020 12:00 AM - 10/01/2020 11:59 PM&quot;">
<kw name="Input Text" library="Selenium2Library">
<doc>Types the given ``text`` into the text field identified by ``locator``.</doc>
<arguments>
<arg>${log_input_message}</arg>
<arg>${date}</arg>
</arguments>
<msg timestamp="20201001 16:48:24.437" level="INFO">Typing text '10/01/2020 12:00 AM - 10/01/2020 11:59 PM' into text field 'xpath=//*[@id="message"]'.</msg>
<status status="PASS" starttime="20201001 16:48:24.437" endtime="20201001 16:48:24.540"></status>
</kw>
<status status="PASS" starttime="20201001 16:48:24.437" endtime="20201001 16:48:24.540"></status>
</kw>
<kw name="AND Search">
<kw name="Click Element" library="Selenium2Library">
<doc>Click the element identified by ``locator``.</doc>
<arguments>
<arg>${log_btn_search}</arg>
</arguments>
<msg timestamp="20201001 16:48:24.541" level="INFO">Clicking element 'xpath=//*[@id="searchLogs"]/div[3]/button[2]'.</msg>
<status status="PASS" starttime="20201001 16:48:24.541" endtime="20201001 16:48:24.582"></status>
</kw>
<kw name="Sleep" library="BuiltIn">
<doc>Pauses the test executed for the given time.</doc>
<arguments>
<arg>1s</arg>
</arguments>
<msg timestamp="20201001 16:48:25.590" level="INFO">Slept 1 second</msg>
<status status="PASS" starttime="20201001 16:48:24.583" endtime="20201001 16:48:25.590"></status>
</kw>
<status status="PASS" starttime="20201001 16:48:24.541" endtime="20201001 16:48:25.590"></status>
</kw>
<kw name="THEN The alert message must say &quot;Successfully&quot;">
<kw name="Wait Until Page Contains" library="Selenium2Library">
<doc>Waits until ``text`` appears on the current page.</doc>
<arguments>
<arg>${message}</arg>
</arguments>
<status status="PASS" starttime="20201001 16:48:25.590" endtime="20201001 16:48:25.602"></status>
</kw>
<status status="PASS" starttime="20201001 16:48:25.590" endtime="20201001 16:48:25.602"></status>
</kw>
<kw name="Close Browser" library="Selenium2Library" type="teardown">
<doc>Closes the current browser.</doc>
<status status="PASS" starttime="20201001 16:48:25.603" endtime="20201001 16:48:27.721"></status>
</kw>
<doc>ไม่กรอกข้อความ แต่กรอกวันที่</doc>
<tags>
<tag>PASS</tag>
</tags>
<status status="PASS" starttime="20201001 16:48:16.732" endtime="20201001 16:48:27.722" critical="yes"></status>
</test>
<test id="s1-t7" name="UMS-Log-07">
<kw name="GIVEN Open web browser">
<kw name="Open Browser" library="Selenium2Library">
<doc>Opens a new browser instance to the optional ``url``.</doc>
<arguments>
<arg>${ums_url}</arg>
<arg>chrome</arg>
</arguments>
<msg timestamp="20201001 16:48:27.728" level="INFO">Opening browser 'chrome' to base url 'https://localhost:44346/'.</msg>
<status status="PASS" starttime="20201001 16:48:27.727" endtime="20201001 16:48:31.527"></status>
</kw>
<kw name="Maximize Browser Window" library="Selenium2Library">
<doc>Maximizes current browser window.</doc>
<status status="PASS" starttime="20201001 16:48:31.527" endtime="20201001 16:48:33.688"></status>
</kw>
<status status="PASS" starttime="20201001 16:48:27.727" endtime="20201001 16:48:33.688"></status>
</kw>
<kw name="WHEN Login with &quot;usermanagement2020@gmail.com&quot; &quot;123qweQ!&quot;">
<kw name="Input Text" library="Selenium2Library">
<doc>Types the given ``text`` into the text field identified by ``locator``.</doc>
<arguments>
<arg>${ums_login_input_email}</arg>
<arg>${username}</arg>
</arguments>
<msg timestamp="20201001 16:48:33.689" level="INFO">Typing text 'usermanagement2020@gmail.com' into text field 'xpath=//*[@id="acc_Email"]'.</msg>
<status status="PASS" starttime="20201001 16:48:33.689" endtime="20201001 16:48:33.783"></status>
</kw>
<kw name="Input Password" library="Selenium2Library">
<doc>Types the given password into the text field identified by ``locator``.</doc>
<arguments>
<arg>${ums_login_input_password}</arg>
<arg>${password}</arg>
</arguments>
<msg timestamp="20201001 16:48:33.783" level="INFO">Typing password into text field 'xpath=//*[@id="acc_Password"]'.</msg>
<status status="PASS" starttime="20201001 16:48:33.783" endtime="20201001 16:48:33.856"></status>
</kw>
<kw name="Sleep" library="BuiltIn">
<doc>Pauses the test executed for the given time.</doc>
<arguments>
<arg>1s</arg>
</arguments>
<msg timestamp="20201001 16:48:34.857" level="INFO">Slept 1 second</msg>
<status status="PASS" starttime="20201001 16:48:33.856" endtime="20201001 16:48:34.857"></status>
</kw>
<kw name="Click Element" library="Selenium2Library">
<doc>Click the element identified by ``locator``.</doc>
<arguments>
<arg>${ums_btn_login}</arg>
</arguments>
<msg timestamp="20201001 16:48:34.857" level="INFO">Clicking element 'xpath=//*[@id="account"]/div[3]/div[2]/button'.</msg>
<status status="PASS" starttime="20201001 16:48:34.857" endtime="20201001 16:48:35.165"></status>
</kw>
<status status="PASS" starttime="20201001 16:48:33.689" endtime="20201001 16:48:35.166"></status>
</kw>
<kw name="AND Go to logs monitor">
<kw name="Go To" library="Selenium2Library">
<doc>Navigates the current browser window to the provided ``url``.</doc>
<arguments>
<arg>${ums_log_url}</arg>
</arguments>
<msg timestamp="20201001 16:48:35.167" level="INFO">Opening url 'https://localhost:44346/Logs'</msg>
<status status="PASS" starttime="20201001 16:48:35.166" endtime="20201001 16:48:35.395"></status>
</kw>
<status status="PASS" starttime="20201001 16:48:35.166" endtime="20201001 16:48:35.395"></status>
</kw>
<kw name="AND Fill message &quot;Welcome&quot;">
<kw name="Input Text" library="Selenium2Library">
<doc>Types the given ``text`` into the text field identified by ``locator``.</doc>
<arguments>
<arg>${log_input_message}</arg>
<arg>${message}</arg>
</arguments>
<msg timestamp="20201001 16:48:35.396" level="INFO">Typing text 'Welcome' into text field 'xpath=//*[@id="message"]'.</msg>
<status status="PASS" starttime="20201001 16:48:35.396" endtime="20201001 16:48:35.472"></status>
</kw>
<status status="PASS" starttime="20201001 16:48:35.396" endtime="20201001 16:48:35.472"></status>
</kw>
<kw name="AND Search">
<kw name="Click Element" library="Selenium2Library">
<doc>Click the element identified by ``locator``.</doc>
<arguments>
<arg>${log_btn_search}</arg>
</arguments>
<msg timestamp="20201001 16:48:35.473" level="INFO">Clicking element 'xpath=//*[@id="searchLogs"]/div[3]/button[2]'.</msg>
<status status="PASS" starttime="20201001 16:48:35.473" endtime="20201001 16:48:35.514"></status>
</kw>
<kw name="Sleep" library="BuiltIn">
<doc>Pauses the test executed for the given time.</doc>
<arguments>
<arg>1s</arg>
</arguments>
<msg timestamp="20201001 16:48:36.522" level="INFO">Slept 1 second</msg>
<status status="PASS" starttime="20201001 16:48:35.515" endtime="20201001 16:48:36.523"></status>
</kw>
<status status="PASS" starttime="20201001 16:48:35.473" endtime="20201001 16:48:36.523"></status>
</kw>
<kw name="THEN The alert message must say &quot;Successfully&quot;">
<kw name="Wait Until Page Contains" library="Selenium2Library">
<doc>Waits until ``text`` appears on the current page.</doc>
<arguments>
<arg>${message}</arg>
</arguments>
<status status="PASS" starttime="20201001 16:48:36.524" endtime="20201001 16:48:36.535"></status>
</kw>
<status status="PASS" starttime="20201001 16:48:36.523" endtime="20201001 16:48:36.535"></status>
</kw>
<kw name="Close Browser" library="Selenium2Library" type="teardown">
<doc>Closes the current browser.</doc>
<status status="PASS" starttime="20201001 16:48:36.535" endtime="20201001 16:48:38.655"></status>
</kw>
<doc>ไม่กรอกวันที่ แต่กรอกข้อความ</doc>
<tags>
<tag>PASS</tag>
</tags>
<status status="PASS" starttime="20201001 16:48:27.726" endtime="20201001 16:48:38.656" critical="yes"></status>
</test>
<status status="PASS" starttime="20201001 16:47:19.070" endtime="20201001 16:48:38.660"></status>
</suite>
<statistics>
<total>
<stat pass="7" fail="0">Critical Tests</stat>
<stat pass="7" fail="0">All Tests</stat>
</total>
<tag>
<stat pass="4" fail="0">FAILS</stat>
<stat pass="3" fail="0">PASS</stat>
</tag>
<suite>
<stat pass="7" fail="0" id="s1" name="UMS-Log">UMS-Log</stat>
</suite>
</statistics>
<errors>
</errors>
</robot>
