<?xml version="1.0" encoding="UTF-8"?>
<robot generator="Robot 3.1.2 (Python 3.8.1 on win32)" generated="20201016 14:47:41.927" rpa="false">
<suite id="s1" name="UMS-Log" source="C:\Users\Namchok\Desktop\สหกิจ\ums\Automate Test\UMS-Log\UMS-Log.robot">
<test id="s1-t1" name="UMS-Log-01">
<kw name="GIVEN Open web browser">
<kw name="Open Browser" library="Selenium2Library">
<doc>Opens a new browser instance to the optional ``url``.</doc>
<arguments>
<arg>${ums_url}</arg>
<arg>chrome</arg>
</arguments>
<msg timestamp="20201016 14:47:42.132" level="INFO">Opening browser 'chrome' to base url 'https://localhost:44346/'.</msg>
<status status="PASS" starttime="20201016 14:47:42.132" endtime="20201016 14:47:46.137"></status>
</kw>
<kw name="Maximize Browser Window" library="Selenium2Library">
<doc>Maximizes current browser window.</doc>
<status status="PASS" starttime="20201016 14:47:46.137" endtime="20201016 14:47:48.291"></status>
</kw>
<status status="PASS" starttime="20201016 14:47:42.132" endtime="20201016 14:47:48.291"></status>
</kw>
<kw name="WHEN Login with &quot;usermanagement2020@gmail.com&quot; &quot;123qweQ!&quot;">
<kw name="Input Text" library="Selenium2Library">
<doc>Types the given ``text`` into the text field identified by ``locator``.</doc>
<arguments>
<arg>${ums_login_input_email}</arg>
<arg>${username}</arg>
</arguments>
<msg timestamp="20201016 14:47:48.292" level="INFO">Typing text 'usermanagement2020@gmail.com' into text field 'xpath=//*[@id="acc_Email"]'.</msg>
<status status="PASS" starttime="20201016 14:47:48.292" endtime="20201016 14:47:48.415"></status>
</kw>
<kw name="Input Password" library="Selenium2Library">
<doc>Types the given password into the text field identified by ``locator``.</doc>
<arguments>
<arg>${ums_login_input_password}</arg>
<arg>${password}</arg>
</arguments>
<msg timestamp="20201016 14:47:48.416" level="INFO">Typing password into text field 'xpath=//*[@id="acc_Password"]'.</msg>
<status status="PASS" starttime="20201016 14:47:48.415" endtime="20201016 14:47:48.501"></status>
</kw>
<kw name="Sleep" library="BuiltIn">
<doc>Pauses the test executed for the given time.</doc>
<arguments>
<arg>1s</arg>
</arguments>
<msg timestamp="20201016 14:47:49.505" level="INFO">Slept 1 second</msg>
<status status="PASS" starttime="20201016 14:47:48.501" endtime="20201016 14:47:49.505"></status>
</kw>
<kw name="Click Element" library="Selenium2Library">
<doc>Click the element identified by ``locator``.</doc>
<arguments>
<arg>${ums_btn_login}</arg>
</arguments>
<msg timestamp="20201016 14:47:49.505" level="INFO">Clicking element 'xpath=//*[@id="account"]/div[3]/div[2]/button'.</msg>
<status status="PASS" starttime="20201016 14:47:49.505" endtime="20201016 14:47:49.851"></status>
</kw>
<status status="PASS" starttime="20201016 14:47:48.292" endtime="20201016 14:47:49.851"></status>
</kw>
<kw name="AND Go to logs monitor">
<kw name="Go To" library="Selenium2Library">
<doc>Navigates the current browser window to the provided ``url``.</doc>
<arguments>
<arg>${ums_log_url}</arg>
</arguments>
<msg timestamp="20201016 14:47:49.852" level="INFO">Opening url 'https://localhost:44346/Logs'</msg>
<status status="PASS" starttime="20201016 14:47:49.852" endtime="20201016 14:47:50.180"></status>
</kw>
<status status="PASS" starttime="20201016 14:47:49.852" endtime="20201016 14:47:50.180"></status>
</kw>
<kw name="AND Fill message &quot;Welcome&quot;">
<kw name="Input Text" library="Selenium2Library">
<doc>Types the given ``text`` into the text field identified by ``locator``.</doc>
<arguments>
<arg>${log_input_message}</arg>
<arg>${message}</arg>
</arguments>
<msg timestamp="20201016 14:47:50.182" level="INFO">Typing text 'Welcome' into text field 'xpath=//*[@id="message"]'.</msg>
<status status="PASS" starttime="20201016 14:47:50.181" endtime="20201016 14:47:50.291"></status>
</kw>
<status status="PASS" starttime="20201016 14:47:50.181" endtime="20201016 14:47:50.291"></status>
</kw>
<kw name="AND Fill date &quot;10/01/2020 12:00 AM - 10/01/2020 11:59 PM&quot;">
<kw name="Input Text" library="Selenium2Library">
<doc>Types the given ``text`` into the text field identified by ``locator``.</doc>
<arguments>
<arg>${log_input_message}</arg>
<arg>${date}</arg>
</arguments>
<msg timestamp="20201016 14:47:50.292" level="INFO">Typing text '10/01/2020 12:00 AM - 10/01/2020 11:59 PM' into text field 'xpath=//*[@id="message"]'.</msg>
<status status="PASS" starttime="20201016 14:47:50.292" endtime="20201016 14:47:50.368"></status>
</kw>
<status status="PASS" starttime="20201016 14:47:50.291" endtime="20201016 14:47:50.368"></status>
</kw>
<kw name="AND Search">
<kw name="Click Element" library="Selenium2Library">
<doc>Click the element identified by ``locator``.</doc>
<arguments>
<arg>${log_btn_search}</arg>
</arguments>
<msg timestamp="20201016 14:47:50.369" level="INFO">Clicking element 'xpath=//*[@id="searchLogs"]/div[3]/button[2]'.</msg>
<status status="PASS" starttime="20201016 14:47:50.369" endtime="20201016 14:47:50.414"></status>
</kw>
<kw name="Sleep" library="BuiltIn">
<doc>Pauses the test executed for the given time.</doc>
<arguments>
<arg>1s</arg>
</arguments>
<msg timestamp="20201016 14:47:51.422" level="INFO">Slept 1 second</msg>
<status status="PASS" starttime="20201016 14:47:50.415" endtime="20201016 14:47:51.422"></status>
</kw>
<status status="PASS" starttime="20201016 14:47:50.368" endtime="20201016 14:47:51.422"></status>
</kw>
<kw name="THEN The alert message must say &quot;Successfully&quot;">
<kw name="Wait Until Page Contains" library="Selenium2Library">
<doc>Waits until ``text`` appears on the current page.</doc>
<arguments>
<arg>${message}</arg>
</arguments>
<status status="PASS" starttime="20201016 14:47:51.423" endtime="20201016 14:47:51.436"></status>
</kw>
<status status="PASS" starttime="20201016 14:47:51.423" endtime="20201016 14:47:51.436"></status>
</kw>
<kw name="Close Browser" library="Selenium2Library" type="teardown">
<doc>Closes the current browser.</doc>
<status status="PASS" starttime="20201016 14:47:51.436" endtime="20201016 14:47:53.577"></status>
</kw>
<doc>กรอกข้อความและวันที่ถูกต้อง</doc>
<tags>
<tag>PASS</tag>
</tags>
<status status="PASS" starttime="20201016 14:47:42.129" endtime="20201016 14:47:53.578" critical="yes"></status>
</test>
<test id="s1-t2" name="UMS-Log-02">
<kw name="GIVEN Open web browser">
<kw name="Open Browser" library="Selenium2Library">
<doc>Opens a new browser instance to the optional ``url``.</doc>
<arguments>
<arg>${ums_url}</arg>
<arg>chrome</arg>
</arguments>
<msg timestamp="20201016 14:47:53.585" level="INFO">Opening browser 'chrome' to base url 'https://localhost:44346/'.</msg>
<status status="PASS" starttime="20201016 14:47:53.585" endtime="20201016 14:47:57.494"></status>
</kw>
<kw name="Maximize Browser Window" library="Selenium2Library">
<doc>Maximizes current browser window.</doc>
<status status="PASS" starttime="20201016 14:47:57.494" endtime="20201016 14:47:59.672"></status>
</kw>
<status status="PASS" starttime="20201016 14:47:53.585" endtime="20201016 14:47:59.672"></status>
</kw>
<kw name="WHEN Login with &quot;usermanagement2020@gmail.com&quot; &quot;123qweQ!&quot;">
<kw name="Input Text" library="Selenium2Library">
<doc>Types the given ``text`` into the text field identified by ``locator``.</doc>
<arguments>
<arg>${ums_login_input_email}</arg>
<arg>${username}</arg>
</arguments>
<msg timestamp="20201016 14:47:59.673" level="INFO">Typing text 'usermanagement2020@gmail.com' into text field 'xpath=//*[@id="acc_Email"]'.</msg>
<status status="PASS" starttime="20201016 14:47:59.673" endtime="20201016 14:47:59.776"></status>
</kw>
<kw name="Input Password" library="Selenium2Library">
<doc>Types the given password into the text field identified by ``locator``.</doc>
<arguments>
<arg>${ums_login_input_password}</arg>
<arg>${password}</arg>
</arguments>
<msg timestamp="20201016 14:47:59.776" level="INFO">Typing password into text field 'xpath=//*[@id="acc_Password"]'.</msg>
<status status="PASS" starttime="20201016 14:47:59.776" endtime="20201016 14:47:59.856"></status>
</kw>
<kw name="Sleep" library="BuiltIn">
<doc>Pauses the test executed for the given time.</doc>
<arguments>
<arg>1s</arg>
</arguments>
<msg timestamp="20201016 14:48:00.857" level="INFO">Slept 1 second</msg>
<status status="PASS" starttime="20201016 14:47:59.856" endtime="20201016 14:48:00.857"></status>
</kw>
<kw name="Click Element" library="Selenium2Library">
<doc>Click the element identified by ``locator``.</doc>
<arguments>
<arg>${ums_btn_login}</arg>
</arguments>
<msg timestamp="20201016 14:48:00.857" level="INFO">Clicking element 'xpath=//*[@id="account"]/div[3]/div[2]/button'.</msg>
<status status="PASS" starttime="20201016 14:48:00.857" endtime="20201016 14:48:01.193"></status>
</kw>
<status status="PASS" starttime="20201016 14:47:59.673" endtime="20201016 14:48:01.193"></status>
</kw>
<kw name="AND Go to logs monitor">
<kw name="Go To" library="Selenium2Library">
<doc>Navigates the current browser window to the provided ``url``.</doc>
<arguments>
<arg>${ums_log_url}</arg>
</arguments>
<msg timestamp="20201016 14:48:01.194" level="INFO">Opening url 'https://localhost:44346/Logs'</msg>
<status status="PASS" starttime="20201016 14:48:01.194" endtime="20201016 14:48:01.489"></status>
</kw>
<status status="PASS" starttime="20201016 14:48:01.193" endtime="20201016 14:48:01.489"></status>
</kw>
<kw name="AND Fill message &quot;**##@@&quot;">
<kw name="Input Text" library="Selenium2Library">
<doc>Types the given ``text`` into the text field identified by ``locator``.</doc>
<arguments>
<arg>${log_input_message}</arg>
<arg>${message}</arg>
</arguments>
<msg timestamp="20201016 14:48:01.491" level="INFO">Typing text '**##@@' into text field 'xpath=//*[@id="message"]'.</msg>
<status status="PASS" starttime="20201016 14:48:01.491" endtime="20201016 14:48:01.583"></status>
</kw>
<status status="PASS" starttime="20201016 14:48:01.490" endtime="20201016 14:48:01.583"></status>
</kw>
<kw name="AND Fill date &quot;**##@@&quot;">
<kw name="Input Text" library="Selenium2Library">
<doc>Types the given ``text`` into the text field identified by ``locator``.</doc>
<arguments>
<arg>${log_input_message}</arg>
<arg>${date}</arg>
</arguments>
<msg timestamp="20201016 14:48:01.584" level="INFO">Typing text '**##@@' into text field 'xpath=//*[@id="message"]'.</msg>
<status status="PASS" starttime="20201016 14:48:01.584" endtime="20201016 14:48:01.644"></status>
</kw>
<status status="PASS" starttime="20201016 14:48:01.584" endtime="20201016 14:48:01.644"></status>
</kw>
<kw name="THEN Search">
<kw name="Click Element" library="Selenium2Library">
<doc>Click the element identified by ``locator``.</doc>
<arguments>
<arg>${log_btn_search}</arg>
</arguments>
<msg timestamp="20201016 14:48:01.645" level="INFO">Clicking element 'xpath=//*[@id="searchLogs"]/div[3]/button[2]'.</msg>
<status status="PASS" starttime="20201016 14:48:01.645" endtime="20201016 14:48:01.688"></status>
</kw>
<kw name="Sleep" library="BuiltIn">
<doc>Pauses the test executed for the given time.</doc>
<arguments>
<arg>1s</arg>
</arguments>
<msg timestamp="20201016 14:48:02.698" level="INFO">Slept 1 second</msg>
<status status="PASS" starttime="20201016 14:48:01.689" endtime="20201016 14:48:02.698"></status>
</kw>
<status status="PASS" starttime="20201016 14:48:01.645" endtime="20201016 14:48:02.698"></status>
</kw>
<kw name="Close Browser" library="Selenium2Library" type="teardown">
<doc>Closes the current browser.</doc>
<status status="PASS" starttime="20201016 14:48:02.699" endtime="20201016 14:48:04.842"></status>
</kw>
<doc>กรอกข้อความและวันที่ไม่ถูกต้อง</doc>
<tags>
<tag>FAILS</tag>
</tags>
<status status="PASS" starttime="20201016 14:47:53.583" endtime="20201016 14:48:04.843" critical="yes"></status>
</test>
<test id="s1-t3" name="UMS-Log-03">
<kw name="GIVEN Open web browser">
<kw name="Open Browser" library="Selenium2Library">
<doc>Opens a new browser instance to the optional ``url``.</doc>
<arguments>
<arg>${ums_url}</arg>
<arg>chrome</arg>
</arguments>
<msg timestamp="20201016 14:48:04.847" level="INFO">Opening browser 'chrome' to base url 'https://localhost:44346/'.</msg>
<status status="PASS" starttime="20201016 14:48:04.847" endtime="20201016 14:48:08.634"></status>
</kw>
<kw name="Maximize Browser Window" library="Selenium2Library">
<doc>Maximizes current browser window.</doc>
<status status="PASS" starttime="20201016 14:48:08.634" endtime="20201016 14:48:10.786"></status>
</kw>
<status status="PASS" starttime="20201016 14:48:04.846" endtime="20201016 14:48:10.786"></status>
</kw>
<kw name="WHEN Login with &quot;usermanagement2020@gmail.com&quot; &quot;123qweQ!&quot;">
<kw name="Input Text" library="Selenium2Library">
<doc>Types the given ``text`` into the text field identified by ``locator``.</doc>
<arguments>
<arg>${ums_login_input_email}</arg>
<arg>${username}</arg>
</arguments>
<msg timestamp="20201016 14:48:10.787" level="INFO">Typing text 'usermanagement2020@gmail.com' into text field 'xpath=//*[@id="acc_Email"]'.</msg>
<status status="PASS" starttime="20201016 14:48:10.787" endtime="20201016 14:48:10.885"></status>
</kw>
<kw name="Input Password" library="Selenium2Library">
<doc>Types the given password into the text field identified by ``locator``.</doc>
<arguments>
<arg>${ums_login_input_password}</arg>
<arg>${password}</arg>
</arguments>
<msg timestamp="20201016 14:48:10.886" level="INFO">Typing password into text field 'xpath=//*[@id="acc_Password"]'.</msg>
<status status="PASS" starttime="20201016 14:48:10.886" endtime="20201016 14:48:10.966"></status>
</kw>
<kw name="Sleep" library="BuiltIn">
<doc>Pauses the test executed for the given time.</doc>
<arguments>
<arg>1s</arg>
</arguments>
<msg timestamp="20201016 14:48:11.967" level="INFO">Slept 1 second</msg>
<status status="PASS" starttime="20201016 14:48:10.966" endtime="20201016 14:48:11.967"></status>
</kw>
<kw name="Click Element" library="Selenium2Library">
<doc>Click the element identified by ``locator``.</doc>
<arguments>
<arg>${ums_btn_login}</arg>
</arguments>
<msg timestamp="20201016 14:48:11.967" level="INFO">Clicking element 'xpath=//*[@id="account"]/div[3]/div[2]/button'.</msg>
<status status="PASS" starttime="20201016 14:48:11.967" endtime="20201016 14:48:12.278"></status>
</kw>
<status status="PASS" starttime="20201016 14:48:10.787" endtime="20201016 14:48:12.278"></status>
</kw>
<kw name="AND Go to logs monitor">
<kw name="Go To" library="Selenium2Library">
<doc>Navigates the current browser window to the provided ``url``.</doc>
<arguments>
<arg>${ums_log_url}</arg>
</arguments>
<msg timestamp="20201016 14:48:12.279" level="INFO">Opening url 'https://localhost:44346/Logs'</msg>
<status status="PASS" starttime="20201016 14:48:12.279" endtime="20201016 14:48:12.581"></status>
</kw>
<status status="PASS" starttime="20201016 14:48:12.279" endtime="20201016 14:48:12.581"></status>
</kw>
<kw name="AND Fill message &quot;**##@@&quot;">
<kw name="Input Text" library="Selenium2Library">
<doc>Types the given ``text`` into the text field identified by ``locator``.</doc>
<arguments>
<arg>${log_input_message}</arg>
<arg>${message}</arg>
</arguments>
<msg timestamp="20201016 14:48:12.582" level="INFO">Typing text '**##@@' into text field 'xpath=//*[@id="message"]'.</msg>
<status status="PASS" starttime="20201016 14:48:12.582" endtime="20201016 14:48:12.664"></status>
</kw>
<status status="PASS" starttime="20201016 14:48:12.582" endtime="20201016 14:48:12.665"></status>
</kw>
<kw name="AND Fill date &quot;10/01/2020 12:00 AM - 10/01/2020 11:59 PM&quot;">
<kw name="Input Text" library="Selenium2Library">
<doc>Types the given ``text`` into the text field identified by ``locator``.</doc>
<arguments>
<arg>${log_input_message}</arg>
<arg>${date}</arg>
</arguments>
<msg timestamp="20201016 14:48:12.666" level="INFO">Typing text '10/01/2020 12:00 AM - 10/01/2020 11:59 PM' into text field 'xpath=//*[@id="message"]'.</msg>
<status status="PASS" starttime="20201016 14:48:12.665" endtime="20201016 14:48:12.744"></status>
</kw>
<status status="PASS" starttime="20201016 14:48:12.665" endtime="20201016 14:48:12.744"></status>
</kw>
<kw name="THEN Search">
<kw name="Click Element" library="Selenium2Library">
<doc>Click the element identified by ``locator``.</doc>
<arguments>
<arg>${log_btn_search}</arg>
</arguments>
<msg timestamp="20201016 14:48:12.745" level="INFO">Clicking element 'xpath=//*[@id="searchLogs"]/div[3]/button[2]'.</msg>
<status status="PASS" starttime="20201016 14:48:12.745" endtime="20201016 14:48:12.786"></status>
</kw>
<kw name="Sleep" library="BuiltIn">
<doc>Pauses the test executed for the given time.</doc>
<arguments>
<arg>1s</arg>
</arguments>
<msg timestamp="20201016 14:48:13.800" level="INFO">Slept 1 second</msg>
<status status="PASS" starttime="20201016 14:48:12.786" endtime="20201016 14:48:13.800"></status>
</kw>
<status status="PASS" starttime="20201016 14:48:12.744" endtime="20201016 14:48:13.800"></status>
</kw>
<kw name="Close Browser" library="Selenium2Library" type="teardown">
<doc>Closes the current browser.</doc>
<status status="PASS" starttime="20201016 14:48:13.801" endtime="20201016 14:48:15.943"></status>
</kw>
<doc>กรอกข้อความไม่ถูกต้อง</doc>
<tags>
<tag>FAILS</tag>
</tags>
<status status="PASS" starttime="20201016 14:48:04.845" endtime="20201016 14:48:15.944" critical="yes"></status>
</test>
<test id="s1-t4" name="UMS-Log-04">
<kw name="GIVEN Open web browser">
<kw name="Open Browser" library="Selenium2Library">
<doc>Opens a new browser instance to the optional ``url``.</doc>
<arguments>
<arg>${ums_url}</arg>
<arg>chrome</arg>
</arguments>
<msg timestamp="20201016 14:48:15.951" level="INFO">Opening browser 'chrome' to base url 'https://localhost:44346/'.</msg>
<status status="PASS" starttime="20201016 14:48:15.950" endtime="20201016 14:48:19.792"></status>
</kw>
<kw name="Maximize Browser Window" library="Selenium2Library">
<doc>Maximizes current browser window.</doc>
<status status="PASS" starttime="20201016 14:48:19.792" endtime="20201016 14:48:21.957"></status>
</kw>
<status status="PASS" starttime="20201016 14:48:15.950" endtime="20201016 14:48:21.959"></status>
</kw>
<kw name="WHEN Login with &quot;usermanagement2020@gmail.com&quot; &quot;123qweQ!&quot;">
<kw name="Input Text" library="Selenium2Library">
<doc>Types the given ``text`` into the text field identified by ``locator``.</doc>
<arguments>
<arg>${ums_login_input_email}</arg>
<arg>${username}</arg>
</arguments>
<msg timestamp="20201016 14:48:21.960" level="INFO">Typing text 'usermanagement2020@gmail.com' into text field 'xpath=//*[@id="acc_Email"]'.</msg>
<status status="PASS" starttime="20201016 14:48:21.960" endtime="20201016 14:48:22.065"></status>
</kw>
<kw name="Input Password" library="Selenium2Library">
<doc>Types the given password into the text field identified by ``locator``.</doc>
<arguments>
<arg>${ums_login_input_password}</arg>
<arg>${password}</arg>
</arguments>
<msg timestamp="20201016 14:48:22.065" level="INFO">Typing password into text field 'xpath=//*[@id="acc_Password"]'.</msg>
<status status="PASS" starttime="20201016 14:48:22.065" endtime="20201016 14:48:22.152"></status>
</kw>
<kw name="Sleep" library="BuiltIn">
<doc>Pauses the test executed for the given time.</doc>
<arguments>
<arg>1s</arg>
</arguments>
<msg timestamp="20201016 14:48:23.161" level="INFO">Slept 1 second</msg>
<status status="PASS" starttime="20201016 14:48:22.153" endtime="20201016 14:48:23.161"></status>
</kw>
<kw name="Click Element" library="Selenium2Library">
<doc>Click the element identified by ``locator``.</doc>
<arguments>
<arg>${ums_btn_login}</arg>
</arguments>
<msg timestamp="20201016 14:48:23.161" level="INFO">Clicking element 'xpath=//*[@id="account"]/div[3]/div[2]/button'.</msg>
<status status="PASS" starttime="20201016 14:48:23.161" endtime="20201016 14:48:23.506"></status>
</kw>
<status status="PASS" starttime="20201016 14:48:21.959" endtime="20201016 14:48:23.506"></status>
</kw>
<kw name="AND Go to logs monitor">
<kw name="Go To" library="Selenium2Library">
<doc>Navigates the current browser window to the provided ``url``.</doc>
<arguments>
<arg>${ums_log_url}</arg>
</arguments>
<msg timestamp="20201016 14:48:23.507" level="INFO">Opening url 'https://localhost:44346/Logs'</msg>
<status status="PASS" starttime="20201016 14:48:23.506" endtime="20201016 14:48:23.789"></status>
</kw>
<status status="PASS" starttime="20201016 14:48:23.506" endtime="20201016 14:48:23.789"></status>
</kw>
<kw name="AND Fill message &quot;Welcome&quot;">
<kw name="Input Text" library="Selenium2Library">
<doc>Types the given ``text`` into the text field identified by ``locator``.</doc>
<arguments>
<arg>${log_input_message}</arg>
<arg>${message}</arg>
</arguments>
<msg timestamp="20201016 14:48:23.790" level="INFO">Typing text 'Welcome' into text field 'xpath=//*[@id="message"]'.</msg>
<status status="PASS" starttime="20201016 14:48:23.790" endtime="20201016 14:48:23.875"></status>
</kw>
<status status="PASS" starttime="20201016 14:48:23.790" endtime="20201016 14:48:23.876"></status>
</kw>
<kw name="AND Fill date &quot;**##@@&quot;">
<kw name="Input Text" library="Selenium2Library">
<doc>Types the given ``text`` into the text field identified by ``locator``.</doc>
<arguments>
<arg>${log_input_message}</arg>
<arg>${date}</arg>
</arguments>
<msg timestamp="20201016 14:48:23.877" level="INFO">Typing text '**##@@' into text field 'xpath=//*[@id="message"]'.</msg>
<status status="PASS" starttime="20201016 14:48:23.876" endtime="20201016 14:48:23.932"></status>
</kw>
<status status="PASS" starttime="20201016 14:48:23.876" endtime="20201016 14:48:23.932"></status>
</kw>
<kw name="THEN Search">
<kw name="Click Element" library="Selenium2Library">
<doc>Click the element identified by ``locator``.</doc>
<arguments>
<arg>${log_btn_search}</arg>
</arguments>
<msg timestamp="20201016 14:48:23.933" level="INFO">Clicking element 'xpath=//*[@id="searchLogs"]/div[3]/button[2]'.</msg>
<status status="PASS" starttime="20201016 14:48:23.933" endtime="20201016 14:48:23.980"></status>
</kw>
<kw name="Sleep" library="BuiltIn">
<doc>Pauses the test executed for the given time.</doc>
<arguments>
<arg>1s</arg>
</arguments>
<msg timestamp="20201016 14:48:24.995" level="INFO">Slept 1 second</msg>
<status status="PASS" starttime="20201016 14:48:23.980" endtime="20201016 14:48:24.995"></status>
</kw>
<status status="PASS" starttime="20201016 14:48:23.933" endtime="20201016 14:48:24.995"></status>
</kw>
<kw name="Close Browser" library="Selenium2Library" type="teardown">
<doc>Closes the current browser.</doc>
<status status="PASS" starttime="20201016 14:48:24.996" endtime="20201016 14:48:27.112"></status>
</kw>
<doc>กรอกวันที่ไม่ถูกต้อง</doc>
<tags>
<tag>FAILS</tag>
</tags>
<status status="PASS" starttime="20201016 14:48:15.948" endtime="20201016 14:48:27.113" critical="yes"></status>
</test>
<test id="s1-t5" name="UMS-Log-05">
<kw name="GIVEN Open web browser">
<kw name="Open Browser" library="Selenium2Library">
<doc>Opens a new browser instance to the optional ``url``.</doc>
<arguments>
<arg>${ums_url}</arg>
<arg>chrome</arg>
</arguments>
<msg timestamp="20201016 14:48:27.121" level="INFO">Opening browser 'chrome' to base url 'https://localhost:44346/'.</msg>
<status status="PASS" starttime="20201016 14:48:27.120" endtime="20201016 14:48:31.192"></status>
</kw>
<kw name="Maximize Browser Window" library="Selenium2Library">
<doc>Maximizes current browser window.</doc>
<status status="PASS" starttime="20201016 14:48:31.192" endtime="20201016 14:48:33.343"></status>
</kw>
<status status="PASS" starttime="20201016 14:48:27.120" endtime="20201016 14:48:33.343"></status>
</kw>
<kw name="WHEN Login with &quot;usermanagement2020@gmail.com&quot; &quot;123qweQ!&quot;">
<kw name="Input Text" library="Selenium2Library">
<doc>Types the given ``text`` into the text field identified by ``locator``.</doc>
<arguments>
<arg>${ums_login_input_email}</arg>
<arg>${username}</arg>
</arguments>
<msg timestamp="20201016 14:48:33.344" level="INFO">Typing text 'usermanagement2020@gmail.com' into text field 'xpath=//*[@id="acc_Email"]'.</msg>
<status status="PASS" starttime="20201016 14:48:33.344" endtime="20201016 14:48:33.475"></status>
</kw>
<kw name="Input Password" library="Selenium2Library">
<doc>Types the given password into the text field identified by ``locator``.</doc>
<arguments>
<arg>${ums_login_input_password}</arg>
<arg>${password}</arg>
</arguments>
<msg timestamp="20201016 14:48:33.476" level="INFO">Typing password into text field 'xpath=//*[@id="acc_Password"]'.</msg>
<status status="PASS" starttime="20201016 14:48:33.476" endtime="20201016 14:48:33.557"></status>
</kw>
<kw name="Sleep" library="BuiltIn">
<doc>Pauses the test executed for the given time.</doc>
<arguments>
<arg>1s</arg>
</arguments>
<msg timestamp="20201016 14:48:34.557" level="INFO">Slept 1 second</msg>
<status status="PASS" starttime="20201016 14:48:33.557" endtime="20201016 14:48:34.557"></status>
</kw>
<kw name="Click Element" library="Selenium2Library">
<doc>Click the element identified by ``locator``.</doc>
<arguments>
<arg>${ums_btn_login}</arg>
</arguments>
<msg timestamp="20201016 14:48:34.557" level="INFO">Clicking element 'xpath=//*[@id="account"]/div[3]/div[2]/button'.</msg>
<status status="PASS" starttime="20201016 14:48:34.557" endtime="20201016 14:48:34.958"></status>
</kw>
<status status="PASS" starttime="20201016 14:48:33.344" endtime="20201016 14:48:34.958"></status>
</kw>
<kw name="AND Go to logs monitor">
<kw name="Go To" library="Selenium2Library">
<doc>Navigates the current browser window to the provided ``url``.</doc>
<arguments>
<arg>${ums_log_url}</arg>
</arguments>
<msg timestamp="20201016 14:48:34.959" level="INFO">Opening url 'https://localhost:44346/Logs'</msg>
<status status="PASS" starttime="20201016 14:48:34.959" endtime="20201016 14:48:35.248"></status>
</kw>
<status status="PASS" starttime="20201016 14:48:34.959" endtime="20201016 14:48:35.248"></status>
</kw>
<kw name="THEN Search">
<kw name="Click Element" library="Selenium2Library">
<doc>Click the element identified by ``locator``.</doc>
<arguments>
<arg>${log_btn_search}</arg>
</arguments>
<msg timestamp="20201016 14:48:35.249" level="INFO">Clicking element 'xpath=//*[@id="searchLogs"]/div[3]/button[2]'.</msg>
<status status="PASS" starttime="20201016 14:48:35.249" endtime="20201016 14:48:35.312"></status>
</kw>
<kw name="Sleep" library="BuiltIn">
<doc>Pauses the test executed for the given time.</doc>
<arguments>
<arg>1s</arg>
</arguments>
<msg timestamp="20201016 14:48:36.316" level="INFO">Slept 1 second</msg>
<status status="PASS" starttime="20201016 14:48:35.312" endtime="20201016 14:48:36.316"></status>
</kw>
<status status="PASS" starttime="20201016 14:48:35.249" endtime="20201016 14:48:36.316"></status>
</kw>
<kw name="Close Browser" library="Selenium2Library" type="teardown">
<doc>Closes the current browser.</doc>
<status status="PASS" starttime="20201016 14:48:36.316" endtime="20201016 14:48:38.438"></status>
</kw>
<doc>ไม่กรอกข้อความและวันที่</doc>
<tags>
<tag>FAILS</tag>
</tags>
<status status="PASS" starttime="20201016 14:48:27.118" endtime="20201016 14:48:38.439" critical="yes"></status>
</test>
<test id="s1-t6" name="UMS-Log-06">
<kw name="GIVEN Open web browser">
<kw name="Open Browser" library="Selenium2Library">
<doc>Opens a new browser instance to the optional ``url``.</doc>
<arguments>
<arg>${ums_url}</arg>
<arg>chrome</arg>
</arguments>
<msg timestamp="20201016 14:48:38.446" level="INFO">Opening browser 'chrome' to base url 'https://localhost:44346/'.</msg>
<status status="PASS" starttime="20201016 14:48:38.446" endtime="20201016 14:48:42.242"></status>
</kw>
<kw name="Maximize Browser Window" library="Selenium2Library">
<doc>Maximizes current browser window.</doc>
<status status="PASS" starttime="20201016 14:48:42.242" endtime="20201016 14:48:44.397"></status>
</kw>
<status status="PASS" starttime="20201016 14:48:38.446" endtime="20201016 14:48:44.397"></status>
</kw>
<kw name="WHEN Login with &quot;usermanagement2020@gmail.com&quot; &quot;123qweQ!&quot;">
<kw name="Input Text" library="Selenium2Library">
<doc>Types the given ``text`` into the text field identified by ``locator``.</doc>
<arguments>
<arg>${ums_login_input_email}</arg>
<arg>${username}</arg>
</arguments>
<msg timestamp="20201016 14:48:44.398" level="INFO">Typing text 'usermanagement2020@gmail.com' into text field 'xpath=//*[@id="acc_Email"]'.</msg>
<status status="PASS" starttime="20201016 14:48:44.398" endtime="20201016 14:48:44.504"></status>
</kw>
<kw name="Input Password" library="Selenium2Library">
<doc>Types the given password into the text field identified by ``locator``.</doc>
<arguments>
<arg>${ums_login_input_password}</arg>
<arg>${password}</arg>
</arguments>
<msg timestamp="20201016 14:48:44.504" level="INFO">Typing password into text field 'xpath=//*[@id="acc_Password"]'.</msg>
<status status="PASS" starttime="20201016 14:48:44.504" endtime="20201016 14:48:44.586"></status>
</kw>
<kw name="Sleep" library="BuiltIn">
<doc>Pauses the test executed for the given time.</doc>
<arguments>
<arg>1s</arg>
</arguments>
<msg timestamp="20201016 14:48:45.592" level="INFO">Slept 1 second</msg>
<status status="PASS" starttime="20201016 14:48:44.586" endtime="20201016 14:48:45.592"></status>
</kw>
<kw name="Click Element" library="Selenium2Library">
<doc>Click the element identified by ``locator``.</doc>
<arguments>
<arg>${ums_btn_login}</arg>
</arguments>
<msg timestamp="20201016 14:48:45.592" level="INFO">Clicking element 'xpath=//*[@id="account"]/div[3]/div[2]/button'.</msg>
<status status="PASS" starttime="20201016 14:48:45.592" endtime="20201016 14:48:45.926"></status>
</kw>
<status status="PASS" starttime="20201016 14:48:44.398" endtime="20201016 14:48:45.926"></status>
</kw>
<kw name="AND Go to logs monitor">
<kw name="Go To" library="Selenium2Library">
<doc>Navigates the current browser window to the provided ``url``.</doc>
<arguments>
<arg>${ums_log_url}</arg>
</arguments>
<msg timestamp="20201016 14:48:45.927" level="INFO">Opening url 'https://localhost:44346/Logs'</msg>
<status status="PASS" starttime="20201016 14:48:45.927" endtime="20201016 14:48:46.243"></status>
</kw>
<status status="PASS" starttime="20201016 14:48:45.927" endtime="20201016 14:48:46.243"></status>
</kw>
<kw name="AND Fill date &quot;10/01/2020 12:00 AM - 10/01/2020 11:59 PM&quot;">
<kw name="Input Text" library="Selenium2Library">
<doc>Types the given ``text`` into the text field identified by ``locator``.</doc>
<arguments>
<arg>${log_input_message}</arg>
<arg>${date}</arg>
</arguments>
<msg timestamp="20201016 14:48:46.245" level="INFO">Typing text '10/01/2020 12:00 AM - 10/01/2020 11:59 PM' into text field 'xpath=//*[@id="message"]'.</msg>
<status status="PASS" starttime="20201016 14:48:46.244" endtime="20201016 14:48:46.357"></status>
</kw>
<status status="PASS" starttime="20201016 14:48:46.244" endtime="20201016 14:48:46.357"></status>
</kw>
<kw name="AND Search">
<kw name="Click Element" library="Selenium2Library">
<doc>Click the element identified by ``locator``.</doc>
<arguments>
<arg>${log_btn_search}</arg>
</arguments>
<msg timestamp="20201016 14:48:46.359" level="INFO">Clicking element 'xpath=//*[@id="searchLogs"]/div[3]/button[2]'.</msg>
<status status="PASS" starttime="20201016 14:48:46.358" endtime="20201016 14:48:46.406"></status>
</kw>
<kw name="Sleep" library="BuiltIn">
<doc>Pauses the test executed for the given time.</doc>
<arguments>
<arg>1s</arg>
</arguments>
<msg timestamp="20201016 14:48:47.416" level="INFO">Slept 1 second</msg>
<status status="PASS" starttime="20201016 14:48:46.406" endtime="20201016 14:48:47.416"></status>
</kw>
<status status="PASS" starttime="20201016 14:48:46.358" endtime="20201016 14:48:47.416"></status>
</kw>
<kw name="THEN The alert message must say &quot;Successfully&quot;">
<kw name="Wait Until Page Contains" library="Selenium2Library">
<doc>Waits until ``text`` appears on the current page.</doc>
<arguments>
<arg>${message}</arg>
</arguments>
<status status="PASS" starttime="20201016 14:48:47.418" endtime="20201016 14:48:47.432"></status>
</kw>
<status status="PASS" starttime="20201016 14:48:47.417" endtime="20201016 14:48:47.433"></status>
</kw>
<kw name="Close Browser" library="Selenium2Library" type="teardown">
<doc>Closes the current browser.</doc>
<status status="PASS" starttime="20201016 14:48:47.433" endtime="20201016 14:48:49.537"></status>
</kw>
<doc>ไม่กรอกข้อความ แต่กรอกวันที่</doc>
<tags>
<tag>PASS</tag>
</tags>
<status status="PASS" starttime="20201016 14:48:38.444" endtime="20201016 14:48:49.537" critical="yes"></status>
</test>
<test id="s1-t7" name="UMS-Log-07">
<kw name="GIVEN Open web browser">
<kw name="Open Browser" library="Selenium2Library">
<doc>Opens a new browser instance to the optional ``url``.</doc>
<arguments>
<arg>${ums_url}</arg>
<arg>chrome</arg>
</arguments>
<msg timestamp="20201016 14:48:49.544" level="INFO">Opening browser 'chrome' to base url 'https://localhost:44346/'.</msg>
<status status="PASS" starttime="20201016 14:48:49.544" endtime="20201016 14:48:53.346"></status>
</kw>
<kw name="Maximize Browser Window" library="Selenium2Library">
<doc>Maximizes current browser window.</doc>
<status status="PASS" starttime="20201016 14:48:53.346" endtime="20201016 14:48:55.490"></status>
</kw>
<status status="PASS" starttime="20201016 14:48:49.544" endtime="20201016 14:48:55.490"></status>
</kw>
<kw name="WHEN Login with &quot;usermanagement2020@gmail.com&quot; &quot;123qweQ!&quot;">
<kw name="Input Text" library="Selenium2Library">
<doc>Types the given ``text`` into the text field identified by ``locator``.</doc>
<arguments>
<arg>${ums_login_input_email}</arg>
<arg>${username}</arg>
</arguments>
<msg timestamp="20201016 14:48:55.492" level="INFO">Typing text 'usermanagement2020@gmail.com' into text field 'xpath=//*[@id="acc_Email"]'.</msg>
<status status="PASS" starttime="20201016 14:48:55.492" endtime="20201016 14:48:55.597"></status>
</kw>
<kw name="Input Password" library="Selenium2Library">
<doc>Types the given password into the text field identified by ``locator``.</doc>
<arguments>
<arg>${ums_login_input_password}</arg>
<arg>${password}</arg>
</arguments>
<msg timestamp="20201016 14:48:55.598" level="INFO">Typing password into text field 'xpath=//*[@id="acc_Password"]'.</msg>
<status status="PASS" starttime="20201016 14:48:55.598" endtime="20201016 14:48:55.683"></status>
</kw>
<kw name="Sleep" library="BuiltIn">
<doc>Pauses the test executed for the given time.</doc>
<arguments>
<arg>1s</arg>
</arguments>
<msg timestamp="20201016 14:48:56.688" level="INFO">Slept 1 second</msg>
<status status="PASS" starttime="20201016 14:48:55.684" endtime="20201016 14:48:56.688"></status>
</kw>
<kw name="Click Element" library="Selenium2Library">
<doc>Click the element identified by ``locator``.</doc>
<arguments>
<arg>${ums_btn_login}</arg>
</arguments>
<msg timestamp="20201016 14:48:56.689" level="INFO">Clicking element 'xpath=//*[@id="account"]/div[3]/div[2]/button'.</msg>
<status status="PASS" starttime="20201016 14:48:56.688" endtime="20201016 14:48:56.999"></status>
</kw>
<status status="PASS" starttime="20201016 14:48:55.491" endtime="20201016 14:48:56.999"></status>
</kw>
<kw name="AND Go to logs monitor">
<kw name="Go To" library="Selenium2Library">
<doc>Navigates the current browser window to the provided ``url``.</doc>
<arguments>
<arg>${ums_log_url}</arg>
</arguments>
<msg timestamp="20201016 14:48:57.000" level="INFO">Opening url 'https://localhost:44346/Logs'</msg>
<status status="PASS" starttime="20201016 14:48:57.000" endtime="20201016 14:48:57.274"></status>
</kw>
<status status="PASS" starttime="20201016 14:48:57.000" endtime="20201016 14:48:57.274"></status>
</kw>
<kw name="AND Fill message &quot;Welcome&quot;">
<kw name="Input Text" library="Selenium2Library">
<doc>Types the given ``text`` into the text field identified by ``locator``.</doc>
<arguments>
<arg>${log_input_message}</arg>
<arg>${message}</arg>
</arguments>
<msg timestamp="20201016 14:48:57.276" level="INFO">Typing text 'Welcome' into text field 'xpath=//*[@id="message"]'.</msg>
<status status="PASS" starttime="20201016 14:48:57.275" endtime="20201016 14:48:57.357"></status>
</kw>
<status status="PASS" starttime="20201016 14:48:57.275" endtime="20201016 14:48:57.357"></status>
</kw>
<kw name="AND Search">
<kw name="Click Element" library="Selenium2Library">
<doc>Click the element identified by ``locator``.</doc>
<arguments>
<arg>${log_btn_search}</arg>
</arguments>
<msg timestamp="20201016 14:48:57.359" level="INFO">Clicking element 'xpath=//*[@id="searchLogs"]/div[3]/button[2]'.</msg>
<status status="PASS" starttime="20201016 14:48:57.358" endtime="20201016 14:48:57.402"></status>
</kw>
<kw name="Sleep" library="BuiltIn">
<doc>Pauses the test executed for the given time.</doc>
<arguments>
<arg>1s</arg>
</arguments>
<msg timestamp="20201016 14:48:58.415" level="INFO">Slept 1 second</msg>
<status status="PASS" starttime="20201016 14:48:57.403" endtime="20201016 14:48:58.415"></status>
</kw>
<status status="PASS" starttime="20201016 14:48:57.358" endtime="20201016 14:48:58.415"></status>
</kw>
<kw name="THEN The alert message must say &quot;Successfully&quot;">
<kw name="Wait Until Page Contains" library="Selenium2Library">
<doc>Waits until ``text`` appears on the current page.</doc>
<arguments>
<arg>${message}</arg>
</arguments>
<status status="PASS" starttime="20201016 14:48:58.416" endtime="20201016 14:48:58.431"></status>
</kw>
<status status="PASS" starttime="20201016 14:48:58.416" endtime="20201016 14:48:58.431"></status>
</kw>
<kw name="Close Browser" library="Selenium2Library" type="teardown">
<doc>Closes the current browser.</doc>
<status status="PASS" starttime="20201016 14:48:58.432" endtime="20201016 14:49:00.548"></status>
</kw>
<doc>ไม่กรอกวันที่ แต่กรอกข้อความ</doc>
<tags>
<tag>PASS</tag>
</tags>
<status status="PASS" starttime="20201016 14:48:49.542" endtime="20201016 14:49:00.549" critical="yes"></status>
</test>
<status status="PASS" starttime="20201016 14:47:41.929" endtime="20201016 14:49:00.554"></status>
</suite>
<statistics>
<total>
<stat pass="7" fail="0">Critical Tests</stat>
<stat pass="7" fail="0">All Tests</stat>
</total>
<tag>
<stat pass="4" fail="0">FAILS</stat>
<stat pass="3" fail="0">PASS</stat>
</tag>
<suite>
<stat pass="7" fail="0" id="s1" name="UMS-Log">UMS-Log</stat>
</suite>
</statistics>
<errors>
</errors>
</robot>
